TN:
SF:contracts/adapters/GlacisAbstractAdapter.sol
FN:33,GlacisAbstractAdapter.
FN:42,GlacisAbstractAdapter.sendMessage
FN:63,GlacisAbstractAdapter.onlyGlacisRouter
FN:71,GlacisAbstractAdapter.onlyAuthorizedAdapter
FNDA:16124,GlacisAbstractAdapter.sendMessage
FNDA:11199,GlacisAbstractAdapter.onlyAuthorizedAdapter
FNDA:1845,GlacisAbstractAdapter.
FNDA:16124,GlacisAbstractAdapter.onlyGlacisRouter
FNF:4
FNH:4
BRDA:64,0,0,-
BRDA:64,0,1,16124
BRDA:72,1,0,524
BRDA:72,1,1,10675
BRF:4
BRH:3
DA:34,3690
DA:35,3688
DA:48,32248
DA:64,48372
DA:65,0
DA:73,44796
DA:74,33579
DA:75,21358
DA:77,1048
LF:9
LH:8
end_of_record
TN:
SF:contracts/adapters/GlacisAxelarAdapter.sol
FN:32,GlacisAxelarAdapter.
FN:47,GlacisAxelarAdapter.setGlacisChainIds
FN:74,GlacisAxelarAdapter.adapterChainID
FN:83,GlacisAxelarAdapter.chainIsAvailable
FN:93,GlacisAxelarAdapter._sendMessage
FN:126,GlacisAxelarAdapter._execute
FN:146,GlacisAxelarAdapter._toLowerCase
FNDA:0,GlacisAxelarAdapter.chainIsAvailable
FNDA:353,GlacisAxelarAdapter.setGlacisChainIds
FNDA:5720,GlacisAxelarAdapter._toLowerCase
FNDA:5981,GlacisAxelarAdapter._sendMessage
FNDA:5720,GlacisAxelarAdapter._execute
FNDA:0,GlacisAxelarAdapter.
FNDA:0,GlacisAxelarAdapter.adapterChainID
FNF:7
FNH:4
BRDA:52,0,0,-
BRDA:52,0,1,353
BRDA:59,1,0,-
BRDA:59,1,1,353
BRDA:102,2,0,-
BRDA:102,2,1,5981
BRDA:107,3,0,-
BRDA:107,3,1,5981
BRDA:110,4,0,-
BRDA:110,4,1,5699
BRDA:139,5,0,-
BRDA:139,5,1,5719
BRDA:155,6,0,-
BRDA:155,6,1,41170
BRF:14
BRH:7
DA:41,0
DA:51,706
DA:52,706
DA:53,0
DA:55,1412
DA:56,706
DA:57,706
DA:59,706
DA:60,0
DA:62,706
DA:63,706
DA:66,706
DA:77,0
DA:86,0
DA:99,11962
DA:102,17943
DA:103,0
DA:104,17943
DA:107,11962
DA:108,0
DA:110,11962
DA:111,11398
DA:119,11962
DA:138,11438
DA:139,11438
DA:140,0
DA:141,11438
DA:149,17160
DA:150,17160
DA:151,11440
DA:152,245960
DA:155,457600
DA:157,82340
DA:159,375260
DA:161,457600
DA:164,17160
LF:36
LH:28
end_of_record
TN:
SF:contracts/adapters/GlacisCCIPAdapter.sol
FN:38,GlacisCCIPAdapter.
FN:50,GlacisCCIPAdapter.setGlacisChainIds
FN:77,GlacisCCIPAdapter.adapterChainID
FN:84,GlacisCCIPAdapter.chainIsAvailable
FN:93,GlacisCCIPAdapter._sendMessage
FN:189,GlacisCCIPAdapter._ccipReceive
FN:216,GlacisCCIPAdapter.extrapolateGasLimitFromValue
FNDA:0,GlacisCCIPAdapter.
FNDA:782,GlacisCCIPAdapter._sendMessage
FNDA:782,GlacisCCIPAdapter._ccipReceive
FNDA:1,GlacisCCIPAdapter.chainIsAvailable
FNDA:36,GlacisCCIPAdapter.setGlacisChainIds
FNDA:1,GlacisCCIPAdapter.adapterChainID
FNDA:0,GlacisCCIPAdapter.extrapolateGasLimitFromValue
FNF:7
FNH:5
BRDA:55,0,0,1
BRDA:55,0,1,35
BRDA:62,1,0,1
BRDA:62,1,1,34
BRDA:100,2,0,1
BRDA:100,2,1,781
BRDA:110,3,0,-
BRDA:110,3,1,-
BRDA:131,4,0,-
BRDA:131,4,1,-
BRDA:166,5,0,-
BRDA:166,5,1,781
BRDA:178,6,0,-
BRDA:178,6,1,781
BRDA:182,7,0,-
BRDA:182,7,1,781
BRDA:203,8,0,-
BRDA:203,8,1,781
BRDA:253,9,0,-
BRDA:253,9,1,781
BRDA:262,10,0,781
BRDA:262,10,1,-
BRF:22
BRH:12
DA:54,72
DA:55,72
DA:56,2
DA:58,139
DA:59,70
DA:60,70
DA:62,70
DA:63,2
DA:65,68
DA:66,68
DA:69,68
DA:78,2
DA:87,3
DA:99,1564
DA:100,1564
DA:101,2
DA:104,2343
DA:106,1562
DA:107,1562
DA:110,1562
DA:112,0
DA:130,0
DA:131,0
DA:132,0
DA:136,2343
DA:141,1562
DA:147,1562
DA:165,1562
DA:166,1562
DA:167,0
DA:174,1562
DA:177,2343
DA:178,1562
DA:179,2343
DA:182,1562
DA:183,0
DA:199,1562
DA:203,1562
DA:204,0
DA:206,1562
DA:221,2343
DA:222,2343
DA:241,2343
DA:253,1562
DA:254,0
DA:256,3124
DA:259,2343
DA:262,2343
DA:263,0
LF:49
LH:40
end_of_record
TN:
SF:contracts/adapters/GlacisHyperlaneAdapter.sol
FN:36,GlacisHyperlaneAdapter.
FN:48,GlacisHyperlaneAdapter.setGlacisChainIds
FN:75,GlacisHyperlaneAdapter.adapterChainID
FN:82,GlacisHyperlaneAdapter.chainIsAvailable
FN:92,GlacisHyperlaneAdapter._sendMessage
FN:142,GlacisHyperlaneAdapter.handle
FNDA:782,GlacisHyperlaneAdapter._sendMessage
FNDA:36,GlacisHyperlaneAdapter.setGlacisChainIds
FNDA:0,GlacisHyperlaneAdapter.
FNDA:1,GlacisHyperlaneAdapter.adapterChainID
FNDA:1,GlacisHyperlaneAdapter.chainIsAvailable
FNDA:782,GlacisHyperlaneAdapter.handle
FNF:6
FNH:5
BRDA:53,0,0,1
BRDA:53,0,1,35
BRDA:60,1,0,1
BRDA:60,1,1,34
BRDA:99,2,0,1
BRDA:99,2,1,781
BRDA:115,3,0,-
BRDA:115,3,1,781
BRDA:129,4,0,-
BRDA:129,4,1,781
BRDA:133,5,0,-
BRDA:133,5,1,781
BRDA:151,6,0,-
BRDA:151,6,1,781
BRDA:157,7,0,-
BRDA:157,7,1,781
BRF:16
BRH:11
DA:41,0
DA:42,0
DA:52,72
DA:53,72
DA:54,2
DA:56,139
DA:57,70
DA:58,70
DA:60,70
DA:61,2
DA:63,68
DA:64,68
DA:67,68
DA:76,2
DA:85,3
DA:98,1564
DA:99,1564
DA:100,2
DA:103,2343
DA:108,1562
DA:109,2343
DA:115,1562
DA:116,0
DA:120,1562
DA:129,1562
DA:130,2343
DA:133,1562
DA:134,0
DA:151,2343
DA:152,0
DA:155,1562
DA:157,1562
DA:158,0
DA:161,1562
LF:34
LH:28
end_of_record
TN:
SF:contracts/adapters/LayerZero/GlacisLayerZeroAdapter.sol
FN:23,GlacisLayerZeroAdapter.
FN:38,GlacisLayerZeroAdapter.setGlacisChainIds
FN:65,GlacisLayerZeroAdapter.adapterChainID
FN:72,GlacisLayerZeroAdapter.chainIsAvailable
FN:80,GlacisLayerZeroAdapter._sendMessage
FN:104,GlacisLayerZeroAdapter._nonblockingLzReceive
FNDA:1,GlacisLayerZeroAdapter.chainIsAvailable
FNDA:2613,GlacisLayerZeroAdapter._sendMessage
FNDA:0,GlacisLayerZeroAdapter.
FNDA:104,GlacisLayerZeroAdapter.setGlacisChainIds
FNDA:2613,GlacisLayerZeroAdapter._nonblockingLzReceive
FNDA:1,GlacisLayerZeroAdapter.adapterChainID
FNF:6
FNH:5
BRDA:43,0,0,1
BRDA:43,0,1,103
BRDA:50,1,0,1
BRDA:50,1,1,102
BRDA:87,2,0,1
BRDA:87,2,1,2612
BRDA:117,3,0,-
BRDA:117,3,1,2612
BRF:8
BRH:7
DA:42,208
DA:43,208
DA:44,2
DA:46,411
DA:47,206
DA:48,206
DA:50,206
DA:51,2
DA:53,204
DA:54,204
DA:57,204
DA:66,2
DA:73,3
DA:86,5226
DA:87,5226
DA:88,2
DA:89,5224
DA:117,5224
DA:118,0
DA:119,5224
LF:20
LH:19
end_of_record
TN:
SF:contracts/adapters/Wormhole/GlacisWormholeAdapter.sol
FN:36,GlacisWormholeAdapter.
FN:50,GlacisWormholeAdapter._sendMessage
FN:92,GlacisWormholeAdapter.receiveWormholeMessages
FN:127,GlacisWormholeAdapter.setGlacisChainIds
FN:151,GlacisWormholeAdapter.adapterChainID
FN:158,GlacisWormholeAdapter.chainIsAvailable
FNDA:0,GlacisWormholeAdapter.chainIsAvailable
FNDA:0,GlacisWormholeAdapter.adapterChainID
FNDA:32,GlacisWormholeAdapter.setGlacisChainIds
FNDA:783,GlacisWormholeAdapter._sendMessage
FNDA:782,GlacisWormholeAdapter.receiveWormholeMessages
FNDA:0,GlacisWormholeAdapter.
FNF:6
FNH:3
BRDA:57,0,0,1
BRDA:57,0,1,782
BRDA:65,1,0,-
BRDA:65,1,1,782
BRDA:78,2,0,-
BRDA:78,2,1,782
BRDA:82,3,0,-
BRDA:82,3,1,782
BRDA:106,4,0,-
BRDA:106,4,1,782
BRDA:108,5,0,-
BRDA:108,5,1,782
BRDA:114,6,0,-
BRDA:114,6,1,782
BRDA:132,7,0,1
BRDA:132,7,1,31
BRDA:137,8,0,1
BRDA:137,8,1,30
BRF:18
BRH:12
DA:42,0
DA:43,0
DA:56,1566
DA:57,1566
DA:58,2
DA:59,2346
DA:65,1564
DA:66,0
DA:68,1564
DA:78,1564
DA:79,2346
DA:82,1564
DA:83,0
DA:106,2346
DA:107,0
DA:108,782
DA:109,0
DA:111,1564
DA:114,1564
DA:115,0
DA:118,1564
DA:121,1564
DA:131,64
DA:132,64
DA:133,2
DA:134,123
DA:135,62
DA:136,62
DA:137,62
DA:138,2
DA:139,60
DA:140,60
DA:143,60
DA:152,0
DA:159,0
LF:35
LH:26
end_of_record
TN:
SF:contracts/client/GlacisAccessControlClient.sol
FN:17,GlacisAccessControlClient._addAllowedRoute
FN:33,GlacisAccessControlClient.getAllowedRoutes
FN:43,GlacisAccessControlClient._removeAllowedRoute
FN:60,GlacisAccessControlClient._removeAllAllowedRoutes
FN:69,GlacisAccessControlClient.isAllowedRoute
FNDA:1,GlacisAccessControlClient._removeAllAllowedRoutes
FNDA:0,GlacisAccessControlClient._removeAllowedRoute
FNDA:0,GlacisAccessControlClient.getAllowedRoutes
FNDA:2839,GlacisAccessControlClient._addAllowedRoute
FNDA:26018,GlacisAccessControlClient.isAllowedRoute
FNF:5
FNH:3
BRDA:20,0,0,2839
BRDA:20,0,1,-
BRDA:48,1,0,-
BRDA:48,1,1,-
BRDA:77,2,0,14824
BRDA:77,2,1,23385
BRF:6
BRH:3
DA:21,5678
DA:27,5678
DA:28,0
DA:38,0
DA:46,0
DA:47,0
DA:49,0
DA:50,0
DA:51,0
DA:53,0
DA:54,0
DA:61,2
DA:75,133341
DA:76,76418
DA:78,114627
DA:87,29648
DA:90,28066
LF:17
LH:8
end_of_record
TN:
SF:contracts/client/GlacisClient.sol
FN:28,GlacisClient.
FN:44,GlacisClient._routeSingle
FN:75,GlacisClient._routeRedundant
FN:101,GlacisClient._route
FN:129,GlacisClient._retryRoute
FN:159,GlacisClient.receiveMessage
FN:176,GlacisClient._receiveMessage
FNDA:1060,GlacisClient.
FNDA:7296,GlacisClient.receiveMessage
FNDA:0,GlacisClient._receiveMessage
FNDA:7,GlacisClient._retryRoute
FNDA:3904,GlacisClient._routeSingle
FNDA:2104,GlacisClient._route
FNDA:1300,GlacisClient._routeRedundant
FNF:7
FNH:6
BRDA:32,0,0,10
BRDA:32,0,1,1050
BRDA:165,1,0,-
BRDA:165,1,1,7296
BRF:4
BRH:3
DA:32,3141
DA:33,20
DA:34,2098
DA:52,11712
DA:53,7808
DA:54,11712
DA:55,7808
DA:59,11712
DA:62,7800
DA:63,7800
DA:84,3900
DA:87,2600
DA:88,2600
DA:111,6312
DA:114,2648
DA:115,2648
DA:140,14
DA:150,10
DA:151,10
DA:165,14592
DA:166,0
DA:168,14592
LF:22
LH:21
end_of_record
TN:
SF:contracts/client/GlacisClientOwnable.sol
FN:19,GlacisClientOwnable.
FN:29,GlacisClientOwnable.addAllowedRoute
FN:37,GlacisClientOwnable.removeAllowedRoute
FN:44,GlacisClientOwnable.removeAllAllowedRoutes
FNDA:0,GlacisClientOwnable.removeAllAllowedRoutes
FNDA:0,GlacisClientOwnable.
FNDA:955,GlacisClientOwnable.addAllowedRoute
FNDA:0,GlacisClientOwnable.removeAllowedRoute
FNF:4
FNH:1
DA:24,0
DA:32,1910
DA:40,0
DA:45,0
LF:4
LH:1
end_of_record
TN:
SF:contracts/client/GlacisTokenClient.sol
FN:23,GlacisTokenClient.
FN:40,GlacisTokenClient._routeWithTokensSingle
FN:80,GlacisTokenClient._routeWithTokensRedundant
FN:115,GlacisTokenClient._routeWithTokens
FN:146,GlacisTokenClient._retryRouteWithTokens
FN:182,GlacisTokenClient.receiveMessageWithTokens
FN:209,GlacisTokenClient._receiveMessageWithTokens
FN:221,GlacisTokenClient.getQuorum
FNDA:2,GlacisTokenClient._routeWithTokensRedundant
FNDA:0,GlacisTokenClient._receiveMessageWithTokens
FNDA:258,GlacisTokenClient._retryRouteWithTokens
FNDA:266,GlacisTokenClient.
FNDA:3359,GlacisTokenClient._routeWithTokens
FNDA:1551,GlacisTokenClient._routeWithTokensSingle
FNDA:2067,GlacisTokenClient.receiveMessageWithTokens
FNDA:3873,GlacisTokenClient.getQuorum
FNF:8
FNH:7
BRDA:190,0,0,-
BRDA:190,0,1,2067
BRF:2
BRH:1
DA:28,558
DA:50,4653
DA:51,3102
DA:52,4653
DA:53,3102
DA:57,3102
DA:58,3102
DA:91,4
DA:92,4
DA:126,10077
DA:129,4654
DA:130,4654
DA:159,516
DA:171,516
DA:172,516
DA:190,4134
DA:191,0
DA:192,4134
DA:227,11619
LF:19
LH:18
end_of_record
TN:
SF:contracts/client/GlacisTokenClientOwnable.sol
FN:14,GlacisTokenClientOwnable.
FN:25,GlacisTokenClientOwnable.addAllowedRoute
FN:33,GlacisTokenClientOwnable.removeAllowedRoute
FN:40,GlacisTokenClientOwnable.removeAllAllowedRoutes
FNDA:0,GlacisTokenClientOwnable.removeAllAllowedRoutes
FNDA:1101,GlacisTokenClientOwnable.addAllowedRoute
FNDA:0,GlacisTokenClientOwnable.removeAllowedRoute
FNDA:271,GlacisTokenClientOwnable.
FNF:4
FNH:2
DA:20,540
DA:28,2202
DA:36,0
DA:41,0
LF:4
LH:2
end_of_record
TN:
SF:contracts/interfaces/IGlacisClient.sol
FN:14,IGlacisClient.
FN:31,IGlacisClient.getQuorum
FNDA:1049,IGlacisClient.
FNDA:1545,IGlacisClient.getQuorum
FNF:2
FNH:2
DA:15,2098
DA:35,3090
LF:2
LH:2
end_of_record
TN:
SF:contracts/libraries/AddressBytes32.sol
FN:10,AddressBytes32.toBytes32
FN:14,AddressBytes32.toAddress
FNDA:53160,AddressBytes32.toAddress
FNDA:65776,AddressBytes32.toBytes32
FNF:2
FNH:2
DA:11,197328
DA:15,159480
LF:2
LH:2
end_of_record
TN:
SF:contracts/libraries/AddressString.sol
FN:10,AddressString.toAddress
FN:27,AddressString.parseByteToUint8
FNDA:488840,AddressString.parseByteToUint8
FNDA:12221,AddressString.toAddress
FNF:2
FNH:2
BRDA:28,0,0,326479
BRDA:28,0,1,162361
BRDA:30,1,0,1241
BRDA:30,1,1,161120
BRDA:32,2,0,161120
BRDA:32,2,1,-
BRF:6
BRH:5
DA:13,36663
DA:14,24442
DA:15,525503
DA:16,488840
DA:17,733260
DA:18,488840
DA:19,488840
DA:20,488840
DA:22,36663
DA:28,2933040
DA:29,1305916
DA:30,974166
DA:31,4964
DA:32,966720
DA:33,644480
DA:35,0
LF:16
LH:15
end_of_record
TN:
SF:contracts/managers/GlacisRemoteCounterpartManager.sol
FN:23,GlacisRemoteCounterpartManager.addRemoteCounterparts
FN:38,GlacisRemoteCounterpartManager.removeRemoteCounterpart
FN:46,GlacisRemoteCounterpartManager.getRemoteCounterpart
FNDA:0,GlacisRemoteCounterpartManager.getRemoteCounterpart
FNDA:522,GlacisRemoteCounterpartManager.removeRemoteCounterpart
FNDA:4238,GlacisRemoteCounterpartManager.addRemoteCounterparts
FNF:3
FNH:2
BRDA:27,0,0,-
BRDA:27,0,1,4236
BRDA:30,1,0,-
BRDA:30,1,1,4236
BRDA:39,2,0,-
BRDA:39,2,1,520
BRF:6
BRH:3
DA:27,8472
DA:28,0
DA:29,21180
DA:30,8472
DA:31,0
DA:32,8472
DA:39,1040
DA:40,0
DA:41,1040
DA:49,0
LF:10
LH:6
end_of_record
TN:
SF:contracts/mediators/GlacisTokenMediator.sol
FN:34,GlacisTokenMediator.
FN:56,GlacisTokenMediator.route
FN:102,GlacisTokenMediator.routeRetry
FN:143,GlacisTokenMediator._routeRetry
FN:174,GlacisTokenMediator.receiveMessage
FN:232,GlacisTokenMediator.getQuorum
FN:267,GlacisTokenMediator.isAllowedRoute
FN:305,GlacisTokenMediator.getTokenVariant
FN:325,GlacisTokenMediator.packTokenPayload
FN:345,GlacisTokenMediator.decodeTokenPayload
FNDA:7502,GlacisTokenMediator.isAllowedRoute
FNDA:3617,GlacisTokenMediator.packTokenPayload
FNDA:0,GlacisTokenMediator.
FNDA:4137,GlacisTokenMediator.getTokenVariant
FNDA:258,GlacisTokenMediator._routeRetry
FNDA:3365,GlacisTokenMediator.receiveMessage
FNDA:11377,GlacisTokenMediator.decodeTokenPayload
FNDA:3359,GlacisTokenMediator.route
FNDA:258,GlacisTokenMediator.routeRetry
FNDA:4135,GlacisTokenMediator.getQuorum
FNF:10
FNH:9
BRDA:67,0,0,-
BRDA:67,0,1,3359
BRDA:153,1,0,-
BRDA:153,1,1,258
BRDA:181,2,0,-
BRDA:181,2,1,3365
BRDA:183,3,0,260
BRDA:183,3,1,3105
BRDA:200,4,0,260
BRDA:200,4,1,2845
BRDA:216,5,0,-
BRDA:216,5,1,2067
BRDA:249,6,0,258
BRDA:249,6,1,3877
BRDA:274,7,0,260
BRDA:274,7,1,7242
BRDA:288,8,0,-
BRDA:288,8,1,260
BRF:18
BRH:13
DA:40,0
DA:41,0
DA:66,6718
DA:67,10077
DA:68,0
DA:70,6718
DA:71,10077
DA:78,6718
DA:79,6718
DA:80,6718
DA:115,774
DA:124,774
DA:152,516
DA:153,774
DA:154,0
DA:156,516
DA:157,516
DA:181,6730
DA:182,0
DA:183,6730
DA:184,520
DA:187,6210
DA:194,6210
DA:201,9315
DA:202,1560
DA:204,520
DA:211,8535
DA:212,5690
DA:213,5690
DA:214,8535
DA:216,5690
DA:217,4134
DA:236,8270
DA:243,8270
DA:244,8270
DA:245,8270
DA:248,12405
DA:249,8270
DA:250,516
DA:253,7754
DA:254,7754
DA:274,15264
DA:276,14484
DA:283,14484
DA:287,21726
DA:288,14484
DA:289,3890
DA:293,12928
DA:294,12928
DA:309,8274
DA:332,7234
DA:333,7234
DA:359,22754
LF:53
LH:48
end_of_record
TN:
SF:contracts/mediators/SimpleTokenMediator.sol
FN:35,SimpleTokenMediator.
FN:47,SimpleTokenMediator.setXERC20
FN:59,SimpleTokenMediator.sendCrossChain
FN:99,SimpleTokenMediator.sendCrossChainRetry
FN:126,SimpleTokenMediator._routeRetry
FN:154,SimpleTokenMediator._receiveMessage
FN:175,SimpleTokenMediator.packTokenPayload
FN:183,SimpleTokenMediator.decodeTokenPayload
FN:191,SimpleTokenMediator.addAllowedRoute
FN:199,SimpleTokenMediator.removeAllowedRoute
FN:206,SimpleTokenMediator.removeAllAllowedRoutes
FNDA:1,SimpleTokenMediator.removeAllAllowedRoutes
FNDA:1031,SimpleTokenMediator.decodeTokenPayload
FNDA:0,SimpleTokenMediator.removeAllowedRoute
FNDA:1044,SimpleTokenMediator.setXERC20
FNDA:257,SimpleTokenMediator._routeRetry
FNDA:257,SimpleTokenMediator.sendCrossChainRetry
FNDA:1029,SimpleTokenMediator.sendCrossChain
FNDA:783,SimpleTokenMediator.addAllowedRoute
FNDA:813,SimpleTokenMediator.
FNDA:1286,SimpleTokenMediator.packTokenPayload
FNDA:1031,SimpleTokenMediator._receiveMessage
FNF:11
FNH:10
BRDA:68,0,0,-
BRDA:68,0,1,1029
BRDA:136,1,0,-
BRDA:136,1,1,257
BRF:4
BRH:2
DA:40,1590
DA:48,2086
DA:67,2058
DA:68,3087
DA:69,0
DA:71,2058
DA:72,3087
DA:73,2058
DA:78,2058
DA:79,2058
DA:110,771
DA:113,514
DA:114,514
DA:135,514
DA:136,771
DA:137,0
DA:139,514
DA:140,514
DA:162,3093
DA:165,3093
DA:166,2062
DA:167,2062
DA:179,3858
DA:186,2062
DA:194,1566
DA:202,0
DA:207,2
LF:27
LH:24
end_of_record
TN:
SF:contracts/routers/GlacisAbstractRouter.sol
FN:30,GlacisAbstractRouter.
FN:38,GlacisAbstractRouter.registerAdapter
FN:58,GlacisAbstractRouter.unRegisterAdapter
FN:78,GlacisAbstractRouter._createGlacisMessageId
FN:109,GlacisAbstractRouter.validateGlacisMessageId
FN:138,GlacisAbstractRouter._validateGlacisMessageId
FNDA:1581,GlacisAbstractRouter.registerAdapter
FNDA:259,GlacisAbstractRouter.unRegisterAdapter
FNDA:11178,GlacisAbstractRouter._createGlacisMessageId
FNDA:0,GlacisAbstractRouter.validateGlacisMessageId
FNDA:15603,GlacisAbstractRouter._validateGlacisMessageId
FNDA:509,GlacisAbstractRouter.
FNF:6
FNH:5
BRDA:42,0,0,1
BRDA:42,0,1,1579
BRDA:44,1,0,1
BRDA:44,1,1,1578
BRDA:45,2,0,1
BRDA:45,2,1,1577
BRDA:62,3,0,-
BRDA:62,3,1,259
BRDA:64,4,0,-
BRDA:64,4,1,259
BRF:10
BRH:8
DA:32,1018
DA:42,4740
DA:43,2
DA:44,3159
DA:45,3157
DA:48,3154
DA:49,3154
DA:52,3154
DA:53,3154
DA:61,518
DA:62,777
DA:63,0
DA:64,518
DA:66,518
DA:67,518
DA:83,22356
DA:84,22356
DA:94,22356
DA:117,1044
DA:118,1044
DA:147,46809
DA:158,46809
LF:22
LH:21
end_of_record
TN:
SF:contracts/routers/GlacisRouter.sol
FN:45,GlacisRouter.
FN:58,GlacisRouter.route
FN:111,GlacisRouter.routeRetry
FN:176,GlacisRouter._processRouting
FN:212,GlacisRouter.receiveMessage
FN:301,GlacisRouter.retryReceiveMessage
FN:357,GlacisRouter.validateFeesInput
FNDA:520,GlacisRouter.retryReceiveMessage
FNDA:11700,GlacisRouter._processRouting
FNDA:12218,GlacisRouter.validateFeesInput
FNDA:522,GlacisRouter.routeRetry
FNDA:1419,GlacisRouter.
FNDA:11696,GlacisRouter.route
FNDA:15858,GlacisRouter.receiveMessage
FNF:7
FNH:7
BRDA:81,0,0,3374
BRDA:81,0,1,9879
BRDA:125,1,0,-
BRDA:125,1,1,522
BRDA:127,2,0,-
BRDA:127,2,1,522
BRDA:189,3,0,-
BRDA:189,3,1,10941
BRDA:191,4,0,-
BRDA:191,4,1,10941
BRDA:193,5,0,-
BRDA:193,5,1,5183
BRDA:233,6,0,-
BRDA:233,6,1,10417
BRDA:241,7,0,777
BRDA:241,7,1,15081
BRDA:252,8,0,520
BRDA:252,8,1,14561
BRDA:268,9,0,-
BRDA:268,9,1,14561
BRDA:280,10,0,-
BRDA:280,10,1,9101
BRDA:323,11,0,-
BRDA:323,11,1,520
BRDA:336,12,0,-
BRDA:336,12,1,260
BRDA:361,13,0,-
BRDA:361,13,1,12218
BRDA:363,14,0,518
BRDA:363,14,1,11700
BRDA:373,15,0,-
BRDA:373,15,1,11700
BRF:32
BRH:20
DA:46,476
DA:68,23392
DA:70,33534
DA:71,22356
DA:73,22356
DA:81,9879
DA:82,6748
DA:86,19758
DA:98,19758
DA:122,1044
DA:124,1044
DA:125,1044
DA:126,0
DA:128,1044
DA:136,0
DA:138,1566
DA:139,1566
DA:146,1044
DA:155,1040
DA:167,1040
DA:183,23400
DA:185,49923
DA:186,32248
DA:189,48372
DA:190,21882
DA:191,32823
DA:193,15549
DA:195,32248
DA:204,29646
DA:217,47574
DA:223,47574
DA:226,31716
DA:227,47574
DA:233,58509
DA:234,20834
DA:241,32493
DA:244,45243
DA:247,30162
DA:252,15081
DA:253,1040
DA:255,29122
DA:257,29122
DA:258,29122
DA:260,29122
DA:269,29122
DA:278,0
DA:281,43683
DA:282,18202
DA:284,18202
DA:285,18202
DA:287,18202
DA:294,10920
DA:306,1560
DA:312,1560
DA:315,1560
DA:318,1040
DA:324,1040
DA:333,0
DA:337,2080
DA:338,1040
DA:339,520
DA:341,520
DA:342,520
DA:344,520
DA:351,520
DA:361,24436
DA:362,0
DA:363,24436
DA:364,1036
DA:366,23400
DA:367,51485
DA:368,32770
DA:370,32770
DA:373,23400
DA:374,0
LF:75
LH:69
end_of_record
TN:
SF:contracts/token/XERC20.sol
FN:41,XERC20Basic.
FN:57,XERC20Basic.mint
FN:68,XERC20Basic.burn
FN:81,XERC20Basic.setLockbox
FN:95,XERC20Basic.setLimits
FN:112,XERC20Basic.mintingMaxLimitOf
FN:125,XERC20Basic.burningMaxLimitOf
FN:138,XERC20Basic.mintingCurrentLimitOf
FN:156,XERC20Basic.burningCurrentLimitOf
FN:173,XERC20Basic._useMinterLimits
FN:185,XERC20Basic._useBurnerLimits
FN:198,XERC20Basic._changeMinterLimit
FN:220,XERC20Basic._changeBurnerLimit
FN:243,XERC20Basic._calculateNewCurrentLimit
FN:270,XERC20Basic._getCurrentLimit
FN:298,XERC20Basic._burnWithCaller
FN:319,XERC20Basic._mintWithCaller
FN:342,XERC20.
FN:355,XERC20.getTokenVariant
FN:367,XERC20.setTokenVariant
FN:379,XERC20.removeTokenVariant
FNDA:0,XERC20Basic.mintingCurrentLimitOf
FNDA:0,XERC20Basic.
FNDA:0,XERC20Basic.mintingMaxLimitOf
FNDA:4904,XERC20Basic._useBurnerLimits
FNDA:260,XERC20.setTokenVariant
FNDA:4904,XERC20Basic.burn
FNDA:0,XERC20.removeTokenVariant
FNDA:0,XERC20.
FNDA:0,XERC20Basic.setLockbox
FNDA:945,XERC20Basic._changeMinterLimit
FNDA:22546,XERC20Basic._getCurrentLimit
FNDA:5424,XERC20Basic._useMinterLimits
FNDA:4904,XERC20Basic._burnWithCaller
FNDA:5424,XERC20Basic._mintWithCaller
FNDA:1890,XERC20Basic._calculateNewCurrentLimit
FNDA:0,XERC20Basic.burningMaxLimitOf
FNDA:5424,XERC20Basic.mint
FNDA:4137,XERC20.getTokenVariant
FNDA:945,XERC20Basic._changeBurnerLimit
FNDA:945,XERC20Basic.setLimits
FNDA:0,XERC20Basic.burningCurrentLimitOf
FNF:21
FNH:13
BRDA:69,0,0,4904
BRDA:69,0,1,4904
BRDA:82,1,0,-
BRDA:82,1,1,-
BRDA:250,2,0,-
BRDA:250,2,1,-
BRDA:277,3,0,6
BRDA:277,3,1,22546
BRDA:279,4,0,-
BRDA:279,4,1,6
BRDA:281,5,0,6
BRDA:281,5,1,-
BRDA:303,6,0,-
BRDA:303,6,1,4904
BRDA:305,7,0,-
BRDA:305,7,1,4904
BRDA:324,8,0,-
BRDA:324,8,1,5424
BRDA:326,9,0,-
BRDA:326,9,1,5424
BRF:20
BRH:10
DA:46,0
DA:47,0
DA:58,10848
DA:69,9808
DA:70,9808
DA:72,9808
DA:82,0
DA:83,0
DA:85,0
DA:100,1890
DA:101,1890
DA:102,1890
DA:115,0
DA:128,0
DA:141,23586
DA:159,21506
DA:174,16272
DA:175,10848
DA:176,10848
DA:186,14712
DA:187,9808
DA:188,9808
DA:199,1890
DA:200,2835
DA:201,1890
DA:203,1890
DA:209,1890
DA:210,1890
DA:221,1890
DA:222,2835
DA:223,1890
DA:225,1890
DA:231,1890
DA:232,1890
DA:248,3780
DA:250,3780
DA:251,0
DA:252,0
DA:256,3780
DA:257,3780
DA:276,45092
DA:277,45092
DA:278,45092
DA:279,18
DA:280,0
DA:281,18
DA:282,18
DA:283,18
DA:284,12
DA:303,9808
DA:304,14712
DA:305,9808
DA:306,9808
DA:308,9808
DA:324,10848
DA:325,16272
DA:326,10848
DA:327,10848
DA:329,10848
DA:358,8274
DA:371,520
DA:380,0
LF:62
LH:51
end_of_record
TN:
SF:contracts/token/XERC20Lockbox.sol
FN:37,XERC20Lockbox.
FN:47,XERC20Lockbox.depositNative
FN:59,XERC20Lockbox.deposit
FN:72,XERC20Lockbox.depositTo
FN:84,XERC20Lockbox.depositNativeTo
FN:96,XERC20Lockbox.withdraw
FN:107,XERC20Lockbox.withdrawTo
FN:118,XERC20Lockbox._withdraw
FN:138,XERC20Lockbox._deposit
FNDA:0,XERC20Lockbox.
FNDA:774,XERC20Lockbox.deposit
FNDA:258,XERC20Lockbox.depositNative
FNDA:516,XERC20Lockbox._withdraw
FNDA:258,XERC20Lockbox.depositNativeTo
FNDA:258,XERC20Lockbox.withdraw
FNDA:258,XERC20Lockbox.withdrawTo
FNDA:1548,XERC20Lockbox._deposit
FNDA:258,XERC20Lockbox.depositTo
FNF:9
FNH:8
BRDA:48,0,0,-
BRDA:48,0,1,258
BRDA:60,1,0,-
BRDA:60,1,1,774
BRDA:73,2,0,-
BRDA:73,2,1,258
BRDA:85,3,0,-
BRDA:85,3,1,258
BRDA:123,4,0,-
BRDA:123,4,1,-
BRDA:125,5,0,-
BRDA:125,5,1,-
BRDA:139,6,0,1032
BRDA:139,6,1,1548
BRF:14
BRH:6
DA:38,0
DA:39,0
DA:40,0
DA:48,516
DA:50,516
DA:60,774
DA:62,1548
DA:73,258
DA:75,516
DA:85,516
DA:87,516
DA:97,516
DA:108,516
DA:119,1032
DA:121,1032
DA:123,516
DA:124,0
DA:125,0
DA:127,1032
DA:139,3096
DA:140,2064
DA:143,3096
DA:144,3096
LF:23
LH:18
end_of_record
