TN:
SF:contracts/adapters/GlacisAbstractAdapter.sol
FN:33,GlacisAbstractAdapter.
FNDA:1845,GlacisAbstractAdapter.
DA:34,1845
DA:34,1845
DA:35,1844
DA:35,1844
FN:42,GlacisAbstractAdapter.sendMessage
FNDA:16122,GlacisAbstractAdapter.sendMessage
DA:48,16122
DA:48,16122
FN:63,GlacisAbstractAdapter.onlyGlacisRouter
FNDA:16122,GlacisAbstractAdapter.onlyGlacisRouter
DA:64,16122
DA:64,16122
DA:64,16122
BRDA:64,0,0,-
BRDA:64,0,1,16122
DA:65,0
DA:65,0
FN:71,GlacisAbstractAdapter.onlyAuthorizedAdapter
FNDA:10937,GlacisAbstractAdapter.onlyAuthorizedAdapter
DA:73,10937
DA:73,10937
DA:73,10937
DA:73,10937
DA:74,10934
DA:74,10934
DA:74,10934
DA:75,10677
DA:75,10677
BRDA:72,1,0,262
BRDA:72,1,1,10675
DA:77,262
DA:77,262
FNF:4
FNH:4
LF:9
LH:8
BRF:4
BRH:3
end_of_record
TN:
SF:contracts/adapters/GlacisAxelarAdapter.sol
FN:32,GlacisAxelarAdapter.
FNDA:0,GlacisAxelarAdapter.
DA:41,0
DA:41,0
FN:47,GlacisAxelarAdapter.setGlacisChainIds
FNDA:353,GlacisAxelarAdapter.setGlacisChainIds
DA:51,353
DA:51,353
DA:52,353
DA:52,353
BRDA:52,0,0,-
BRDA:52,0,1,353
DA:53,0
DA:53,0
DA:55,353
DA:55,353
DA:55,706
DA:56,353
DA:56,353
DA:57,353
DA:57,353
DA:59,353
DA:59,353
BRDA:59,1,0,-
BRDA:59,1,1,353
DA:60,0
DA:60,0
DA:62,353
DA:62,353
DA:63,353
DA:63,353
DA:66,353
DA:66,353
FN:74,GlacisAxelarAdapter.adapterChainID
FNDA:0,GlacisAxelarAdapter.adapterChainID
DA:77,0
DA:77,0
FN:83,GlacisAxelarAdapter.chainIsAvailable
FNDA:0,GlacisAxelarAdapter.chainIsAvailable
DA:86,0
DA:86,0
DA:86,0
FN:93,GlacisAxelarAdapter._sendMessage
FNDA:5981,GlacisAxelarAdapter._sendMessage
DA:99,5981
DA:99,5981
DA:102,5981
DA:102,5981
DA:102,5981
BRDA:102,2,0,-
BRDA:102,2,1,5981
DA:103,0
DA:103,0
DA:104,5981
DA:104,5981
DA:104,5981
DA:107,5981
DA:107,5981
BRDA:107,3,0,-
BRDA:107,3,1,5981
DA:108,0
DA:108,0
DA:110,5981
DA:110,5981
BRDA:110,4,0,-
BRDA:110,4,1,5699
DA:111,5699
DA:111,5699
DA:119,5981
DA:119,5981
FN:126,GlacisAxelarAdapter._execute
FNDA:5720,GlacisAxelarAdapter._execute
DA:138,5719
DA:138,5719
DA:139,5719
DA:139,5719
BRDA:139,5,0,-
BRDA:139,5,1,5719
DA:140,0
DA:140,0
DA:141,5719
DA:141,5719
FN:146,GlacisAxelarAdapter._toLowerCase
FNDA:5720,GlacisAxelarAdapter._toLowerCase
DA:149,5720
DA:149,5720
DA:149,5720
DA:150,5720
DA:150,5720
DA:150,5720
DA:151,5720
DA:151,5720
DA:152,5720
DA:152,5720
DA:152,234520
DA:155,228800
DA:155,228800
BRDA:155,6,0,-
BRDA:155,6,1,41170
DA:157,41170
DA:157,41170
DA:159,187630
DA:159,187630
DA:161,228800
DA:161,228800
DA:164,5720
DA:164,5720
DA:164,5720
FNF:7
FNH:4
LF:36
LH:28
BRF:14
BRH:7
end_of_record
TN:
SF:contracts/adapters/GlacisCCIPAdapter.sol
FN:38,GlacisCCIPAdapter.
FNDA:0,GlacisCCIPAdapter.
FN:50,GlacisCCIPAdapter.setGlacisChainIds
FNDA:22,GlacisCCIPAdapter.setGlacisChainIds
DA:54,22
DA:54,22
DA:55,22
DA:55,22
BRDA:55,0,0,-
BRDA:55,0,1,22
DA:56,0
DA:56,0
DA:58,22
DA:58,22
DA:58,44
DA:59,22
DA:59,22
DA:60,22
DA:60,22
DA:62,22
DA:62,22
BRDA:62,1,0,-
BRDA:62,1,1,22
DA:63,0
DA:63,0
DA:65,22
DA:65,22
DA:66,22
DA:66,22
DA:69,22
DA:69,22
FN:77,GlacisCCIPAdapter.adapterChainID
FNDA:0,GlacisCCIPAdapter.adapterChainID
DA:78,0
DA:78,0
FN:84,GlacisCCIPAdapter.chainIsAvailable
FNDA:0,GlacisCCIPAdapter.chainIsAvailable
DA:87,0
DA:87,0
DA:87,0
FN:93,GlacisCCIPAdapter._sendMessage
FNDA:781,GlacisCCIPAdapter._sendMessage
DA:99,781
DA:99,781
DA:100,781
DA:100,781
BRDA:100,2,0,-
BRDA:100,2,1,781
DA:101,0
DA:101,0
DA:104,781
DA:104,781
DA:104,781
DA:106,781
DA:106,781
DA:107,781
DA:107,781
DA:110,781
DA:110,781
BRDA:110,3,0,-
BRDA:110,3,1,-
DA:112,0
DA:112,0
DA:130,0
DA:130,0
DA:131,0
DA:131,0
BRDA:131,4,0,-
BRDA:131,4,1,-
DA:132,0
DA:132,0
DA:136,781
DA:136,781
DA:136,781
DA:141,781
DA:141,781
DA:147,781
DA:147,781
DA:165,781
DA:165,781
DA:166,781
DA:166,781
BRDA:166,5,0,-
BRDA:166,5,1,781
DA:167,0
DA:167,0
DA:174,781
DA:174,781
DA:177,781
DA:177,781
DA:177,781
DA:178,781
DA:178,781
BRDA:178,6,0,-
BRDA:178,6,1,781
DA:179,781
DA:179,781
DA:179,781
DA:182,781
DA:182,781
BRDA:182,7,0,-
BRDA:182,7,1,781
DA:183,0
DA:183,0
FN:189,GlacisCCIPAdapter._ccipReceive
FNDA:781,GlacisCCIPAdapter._ccipReceive
DA:199,781
DA:199,781
DA:203,781
DA:203,781
BRDA:203,8,0,-
BRDA:203,8,1,781
DA:204,0
DA:204,0
DA:206,781
DA:206,781
FN:216,GlacisCCIPAdapter.extrapolateGasLimitFromValue
FNDA:0,GlacisCCIPAdapter.extrapolateGasLimitFromValue
DA:221,781
DA:221,781
DA:221,781
DA:222,781
DA:222,781
DA:222,781
DA:241,781
DA:241,781
DA:241,781
DA:253,781
DA:253,781
BRDA:253,9,0,-
BRDA:253,9,1,781
DA:254,0
DA:254,0
DA:256,781
DA:256,781
DA:256,781
DA:256,781
DA:259,781
DA:259,781
DA:259,781
DA:262,781
DA:262,781
BRDA:262,10,0,781
BRDA:262,10,1,-
DA:262,781
DA:263,0
DA:263,0
FNF:7
FNH:3
LF:49
LH:35
BRF:22
BRH:9
end_of_record
TN:
SF:contracts/adapters/GlacisHyperlaneAdapter.sol
FN:36,GlacisHyperlaneAdapter.
FNDA:0,GlacisHyperlaneAdapter.
DA:41,0
DA:41,0
DA:42,0
DA:42,0
FN:48,GlacisHyperlaneAdapter.setGlacisChainIds
FNDA:22,GlacisHyperlaneAdapter.setGlacisChainIds
DA:52,22
DA:52,22
DA:53,22
DA:53,22
BRDA:53,0,0,-
BRDA:53,0,1,22
DA:54,0
DA:54,0
DA:56,22
DA:56,22
DA:56,44
DA:57,22
DA:57,22
DA:58,22
DA:58,22
DA:60,22
DA:60,22
BRDA:60,1,0,-
BRDA:60,1,1,22
DA:61,0
DA:61,0
DA:63,22
DA:63,22
DA:64,22
DA:64,22
DA:67,22
DA:67,22
FN:75,GlacisHyperlaneAdapter.adapterChainID
FNDA:0,GlacisHyperlaneAdapter.adapterChainID
DA:76,0
DA:76,0
FN:82,GlacisHyperlaneAdapter.chainIsAvailable
FNDA:0,GlacisHyperlaneAdapter.chainIsAvailable
DA:85,0
DA:85,0
DA:85,0
FN:92,GlacisHyperlaneAdapter._sendMessage
FNDA:781,GlacisHyperlaneAdapter._sendMessage
DA:98,781
DA:98,781
DA:99,781
DA:99,781
BRDA:99,2,0,-
BRDA:99,2,1,781
DA:100,0
DA:100,0
DA:103,781
DA:103,781
DA:103,781
DA:108,781
DA:108,781
DA:109,781
DA:109,781
DA:109,781
DA:115,781
DA:115,781
BRDA:115,3,0,-
BRDA:115,3,1,781
DA:116,0
DA:116,0
DA:120,781
DA:120,781
DA:129,781
DA:129,781
BRDA:129,4,0,-
BRDA:129,4,1,781
DA:130,781
DA:130,781
DA:130,781
DA:133,781
DA:133,781
BRDA:133,5,0,-
BRDA:133,5,1,781
DA:134,0
DA:134,0
FN:142,GlacisHyperlaneAdapter.handle
FNDA:781,GlacisHyperlaneAdapter.handle
DA:151,781
DA:151,781
DA:151,781
BRDA:151,6,0,-
BRDA:151,6,1,781
DA:152,0
DA:152,0
DA:155,781
DA:155,781
DA:157,781
DA:157,781
BRDA:157,7,0,-
BRDA:157,7,1,781
DA:158,0
DA:158,0
DA:161,781
DA:161,781
FNF:6
FNH:3
LF:34
LH:23
BRF:16
BRH:8
end_of_record
TN:
SF:contracts/adapters/LayerZero/GlacisLayerZeroAdapter.sol
FN:23,GlacisLayerZeroAdapter.
FNDA:0,GlacisLayerZeroAdapter.
FN:38,GlacisLayerZeroAdapter.setGlacisChainIds
FNDA:100,GlacisLayerZeroAdapter.setGlacisChainIds
DA:42,100
DA:42,100
DA:43,100
DA:43,100
BRDA:43,0,0,1
BRDA:43,0,1,99
DA:44,1
DA:44,1
DA:46,99
DA:46,99
DA:46,197
DA:47,99
DA:47,99
DA:48,99
DA:48,99
DA:50,99
DA:50,99
BRDA:50,1,0,1
BRDA:50,1,1,98
DA:51,1
DA:51,1
DA:53,98
DA:53,98
DA:54,98
DA:54,98
DA:57,98
DA:57,98
FN:65,GlacisLayerZeroAdapter.adapterChainID
FNDA:0,GlacisLayerZeroAdapter.adapterChainID
DA:66,0
DA:66,0
FN:72,GlacisLayerZeroAdapter.chainIsAvailable
FNDA:0,GlacisLayerZeroAdapter.chainIsAvailable
DA:73,0
DA:73,0
DA:73,0
FN:80,GlacisLayerZeroAdapter._sendMessage
FNDA:2613,GlacisLayerZeroAdapter._sendMessage
DA:86,2613
DA:86,2613
DA:87,2613
DA:87,2613
BRDA:87,2,0,1
BRDA:87,2,1,2612
DA:88,1
DA:88,1
DA:89,2612
DA:89,2612
FN:104,GlacisLayerZeroAdapter._nonblockingLzReceive
FNDA:2613,GlacisLayerZeroAdapter._nonblockingLzReceive
DA:117,2612
DA:117,2612
BRDA:117,3,0,-
BRDA:117,3,1,2612
DA:118,0
DA:118,0
DA:119,2612
DA:119,2612
FNF:6
FNH:3
LF:20
LH:17
BRF:8
BRH:7
end_of_record
TN:
SF:contracts/adapters/LayerZero/SimpleNonblockingLzApp.sol
FN:53,SimpleNonblockingLzApp.
FNDA:0,SimpleNonblockingLzApp.
DA:54,0
DA:54,0
FN:57,SimpleNonblockingLzApp.lzReceive
FNDA:3133,SimpleNonblockingLzApp.lzReceive
DA:64,3133
DA:64,3133
BRDA:64,0,0,-
BRDA:64,0,1,3133
DA:69,3133
DA:69,3133
DA:69,3133
DA:81,3133
DA:81,3133
BRDA:81,1,0,1
BRDA:81,1,1,3133
DA:82,1
DA:82,1
FN:92,SimpleNonblockingLzApp._lzSend
FNDA:3132,SimpleNonblockingLzApp._lzSend
DA:101,3132
DA:101,3132
DA:102,3132
DA:102,3132
FN:112,SimpleNonblockingLzApp._checkGasLimit
FNDA:0,SimpleNonblockingLzApp._checkGasLimit
DA:118,0
DA:118,0
DA:118,0
DA:119,0
DA:119,0
DA:119,0
DA:120,0
DA:120,0
BRDA:120,2,0,-
BRDA:120,2,1,-
DA:121,0
DA:121,0
BRDA:121,3,0,-
BRDA:121,3,1,-
FN:124,SimpleNonblockingLzApp._getGasLimit
FNDA:0,SimpleNonblockingLzApp._getGasLimit
DA:127,0
DA:127,0
BRDA:127,4,0,-
BRDA:127,4,1,-
DA:129,0
DA:129,0
FN:133,SimpleNonblockingLzApp._checkPayloadSize
FNDA:3132,SimpleNonblockingLzApp._checkPayloadSize
DA:137,3132
DA:137,3132
DA:138,3132
DA:138,3132
BRDA:138,5,0,3132
BRDA:138,5,1,3132
DA:140,3132
DA:140,3132
DA:142,3132
DA:142,3132
BRDA:142,6,0,-
BRDA:142,6,1,3132
FN:149,SimpleNonblockingLzApp.getConfig
FNDA:0,SimpleNonblockingLzApp.getConfig
DA:155,0
DA:155,0
DA:156,0
DA:156,0
FN:165,SimpleNonblockingLzApp.setConfig
FNDA:0,SimpleNonblockingLzApp.setConfig
DA:171,0
DA:171,0
FN:174,SimpleNonblockingLzApp.setSendVersion
FNDA:0,SimpleNonblockingLzApp.setSendVersion
DA:175,0
DA:175,0
FN:178,SimpleNonblockingLzApp.setReceiveVersion
FNDA:0,SimpleNonblockingLzApp.setReceiveVersion
DA:179,0
DA:179,0
FN:182,SimpleNonblockingLzApp.forceResumeReceive
FNDA:0,SimpleNonblockingLzApp.forceResumeReceive
DA:186,0
DA:186,0
FN:189,SimpleNonblockingLzApp.setPrecrime
FNDA:0,SimpleNonblockingLzApp.setPrecrime
DA:190,0
DA:190,0
DA:191,0
DA:191,0
FN:194,SimpleNonblockingLzApp.setMinDstGas
FNDA:0,SimpleNonblockingLzApp.setMinDstGas
DA:199,0
DA:199,0
BRDA:199,7,0,-
BRDA:199,7,1,-
DA:200,0
DA:200,0
DA:201,0
DA:201,0
FN:205,SimpleNonblockingLzApp.setPayloadSizeLimit
FNDA:0,SimpleNonblockingLzApp.setPayloadSizeLimit
DA:209,0
DA:209,0
FN:217,SimpleNonblockingLzApp._storeFailedMessage
FNDA:1,SimpleNonblockingLzApp._storeFailedMessage
DA:224,1
DA:224,1
DA:225,1
DA:225,1
FN:228,SimpleNonblockingLzApp.nonblockingLzReceive
FNDA:3133,SimpleNonblockingLzApp.nonblockingLzReceive
DA:235,3133
DA:235,3133
BRDA:235,8,0,-
BRDA:235,8,1,3133
DA:239,3133
DA:239,3133
FN:250,SimpleNonblockingLzApp.retryMessage
FNDA:0,SimpleNonblockingLzApp.retryMessage
DA:257,0
DA:257,0
DA:258,0
DA:258,0
BRDA:258,9,0,-
BRDA:258,9,1,-
DA:262,0
DA:262,0
BRDA:262,10,0,-
BRDA:262,10,1,-
DA:267,0
DA:267,0
DA:269,0
DA:269,0
DA:270,0
DA:270,0
FNF:17
FNH:5
LF:39
LH:14
BRF:22
BRH:7
end_of_record
TN:
SF:contracts/adapters/Wormhole/GlacisWormholeAdapter.sol
FN:36,GlacisWormholeAdapter.
FNDA:0,GlacisWormholeAdapter.
DA:42,0
DA:42,0
DA:43,0
DA:43,0
FN:50,GlacisWormholeAdapter._sendMessage
FNDA:783,GlacisWormholeAdapter._sendMessage
DA:56,783
DA:56,783
DA:57,783
DA:57,783
BRDA:57,0,0,1
BRDA:57,0,1,782
DA:58,1
DA:58,1
DA:59,782
DA:59,782
DA:59,782
DA:65,782
DA:65,782
BRDA:65,1,0,-
BRDA:65,1,1,782
DA:66,0
DA:66,0
DA:68,782
DA:68,782
DA:78,782
DA:78,782
BRDA:78,2,0,-
BRDA:78,2,1,782
DA:79,782
DA:79,782
DA:79,782
DA:82,782
DA:82,782
BRDA:82,3,0,-
BRDA:82,3,1,782
DA:83,0
DA:83,0
FN:92,GlacisWormholeAdapter.receiveWormholeMessages
FNDA:782,GlacisWormholeAdapter.receiveWormholeMessages
DA:106,782
DA:106,782
DA:106,782
BRDA:106,4,0,-
BRDA:106,4,1,782
DA:107,0
DA:107,0
DA:108,782
BRDA:108,5,0,-
BRDA:108,5,1,782
DA:109,0
DA:109,0
DA:111,782
DA:111,782
DA:114,782
DA:114,782
BRDA:114,6,0,-
BRDA:114,6,1,782
DA:115,0
DA:115,0
DA:118,782
DA:118,782
DA:121,782
DA:121,782
FN:127,GlacisWormholeAdapter.setGlacisChainIds
FNDA:32,GlacisWormholeAdapter.setGlacisChainIds
DA:131,32
DA:131,32
DA:132,32
DA:132,32
BRDA:132,7,0,1
BRDA:132,7,1,31
DA:133,1
DA:133,1
DA:134,31
DA:134,31
DA:134,61
DA:135,31
DA:135,31
DA:136,31
DA:136,31
DA:137,31
DA:137,31
BRDA:137,8,0,1
BRDA:137,8,1,30
DA:138,1
DA:138,1
DA:139,30
DA:139,30
DA:140,30
DA:140,30
DA:143,30
DA:143,30
FN:151,GlacisWormholeAdapter.adapterChainID
FNDA:0,GlacisWormholeAdapter.adapterChainID
DA:152,0
DA:152,0
FN:158,GlacisWormholeAdapter.chainIsAvailable
FNDA:0,GlacisWormholeAdapter.chainIsAvailable
DA:159,0
DA:159,0
DA:159,0
FNF:6
FNH:3
LF:35
LH:26
BRF:18
BRH:12
end_of_record
TN:
SF:contracts/client/GlacisAccessControlClient.sol
FN:17,GlacisAccessControlClient._addAllowedRoute
FNDA:2803,GlacisAccessControlClient._addAllowedRoute
DA:21,2803
DA:21,2803
BRDA:20,0,0,2803
BRDA:20,0,1,-
DA:27,2803
DA:27,2803
DA:28,0
DA:28,0
FN:33,GlacisAccessControlClient.getAllowedRoutes
FNDA:0,GlacisAccessControlClient.getAllowedRoutes
DA:38,0
DA:38,0
FN:43,GlacisAccessControlClient._removeAllowedRoute
FNDA:0,GlacisAccessControlClient._removeAllowedRoute
DA:46,0
DA:46,0
DA:46,0
DA:46,0
DA:47,0
DA:47,0
DA:49,0
DA:49,0
DA:49,0
DA:49,0
DA:50,0
DA:50,0
DA:51,0
DA:51,0
BRDA:48,1,0,-
BRDA:48,1,1,-
DA:53,0
DA:53,0
DA:54,0
DA:54,0
FN:60,GlacisAccessControlClient._removeAllAllowedRoutes
FNDA:1,GlacisAccessControlClient._removeAllAllowedRoutes
DA:61,1
DA:61,1
FN:69,GlacisAccessControlClient.isAllowedRoute
FNDA:26018,GlacisAccessControlClient.isAllowedRoute
DA:75,28821
DA:75,28821
DA:75,52206
DA:75,23385
DA:76,38209
DA:76,38209
DA:78,38209
DA:78,38209
DA:78,38209
BRDA:77,2,0,14824
BRDA:77,2,1,23385
DA:87,14824
DA:87,14824
DA:90,13997
DA:90,13997
FNF:5
FNH:3
LF:17
LH:8
BRF:6
BRH:3
end_of_record
TN:
SF:contracts/client/GlacisClient.sol
FN:28,GlacisClient.
FNDA:1060,GlacisClient.
DA:32,1047
DA:32,1047
DA:32,1047
BRDA:32,0,0,10
BRDA:32,0,1,1050
DA:33,10
DA:33,10
DA:34,1049
DA:34,1049
FN:44,GlacisClient._routeSingle
FNDA:3902,GlacisClient._routeSingle
DA:52,3902
DA:52,3902
DA:52,3902
DA:53,3902
DA:53,3902
DA:54,3902
DA:54,3902
DA:54,3902
DA:55,3902
DA:55,3902
DA:59,3902
DA:59,3902
DA:59,3902
DA:62,3900
DA:62,3900
DA:63,3900
DA:63,3900
FN:75,GlacisClient._routeRedundant
FNDA:1300,GlacisClient._routeRedundant
DA:84,1300
DA:84,1300
DA:84,1300
DA:87,1300
DA:87,1300
DA:88,1300
DA:88,1300
FN:101,GlacisClient._route
FNDA:2104,GlacisClient._route
DA:111,2104
DA:111,2104
DA:111,2104
DA:114,1324
DA:114,1324
DA:115,1324
DA:115,1324
FN:129,GlacisClient._retryRoute
FNDA:7,GlacisClient._retryRoute
DA:140,7
DA:140,7
DA:150,5
DA:150,5
DA:151,5
DA:151,5
FN:159,GlacisClient.receiveMessage
FNDA:7296,GlacisClient.receiveMessage
DA:165,7296
DA:165,7296
BRDA:165,1,0,-
BRDA:165,1,1,7296
DA:166,0
DA:166,0
DA:168,7296
DA:168,7296
FN:176,GlacisClient._receiveMessage
FNDA:0,GlacisClient._receiveMessage
FNF:7
FNH:6
LF:22
LH:21
BRF:4
BRH:3
end_of_record
TN:
SF:contracts/client/GlacisClientOwnable.sol
FN:19,GlacisClientOwnable.
FNDA:0,GlacisClientOwnable.
DA:24,0
DA:24,0
FN:29,GlacisClientOwnable.addAllowedRoute
FNDA:919,GlacisClientOwnable.addAllowedRoute
DA:32,919
DA:32,919
FN:37,GlacisClientOwnable.removeAllowedRoute
FNDA:0,GlacisClientOwnable.removeAllowedRoute
DA:40,0
DA:40,0
FN:44,GlacisClientOwnable.removeAllAllowedRoutes
FNDA:0,GlacisClientOwnable.removeAllAllowedRoutes
DA:45,0
DA:45,0
FNF:4
FNH:1
LF:4
LH:1
BRF:0
BRH:0
end_of_record
TN:
SF:contracts/client/GlacisTokenClient.sol
FN:23,GlacisTokenClient.
FNDA:266,GlacisTokenClient.
DA:28,279
DA:28,279
FN:40,GlacisTokenClient._routeWithTokensSingle
FNDA:1551,GlacisTokenClient._routeWithTokensSingle
DA:50,1551
DA:50,1551
DA:50,1551
DA:51,1551
DA:51,1551
DA:52,1551
DA:52,1551
DA:52,1551
DA:53,1551
DA:53,1551
DA:57,1551
DA:57,1551
DA:58,1551
DA:58,1551
FN:80,GlacisTokenClient._routeWithTokensRedundant
FNDA:2,GlacisTokenClient._routeWithTokensRedundant
DA:91,2
DA:91,2
DA:92,2
DA:92,2
FN:115,GlacisTokenClient._routeWithTokens
FNDA:3359,GlacisTokenClient._routeWithTokens
DA:126,3359
DA:126,3359
DA:126,3359
DA:129,2327
DA:129,2327
DA:130,2327
DA:130,2327
FN:146,GlacisTokenClient._retryRouteWithTokens
FNDA:258,GlacisTokenClient._retryRouteWithTokens
DA:159,258
DA:159,258
DA:171,258
DA:171,258
DA:172,258
DA:172,258
FN:182,GlacisTokenClient.receiveMessageWithTokens
FNDA:2067,GlacisTokenClient.receiveMessageWithTokens
DA:190,2067
DA:190,2067
BRDA:190,0,0,-
BRDA:190,0,1,2067
DA:191,0
DA:191,0
DA:192,2067
DA:192,2067
FN:209,GlacisTokenClient._receiveMessageWithTokens
FNDA:0,GlacisTokenClient._receiveMessageWithTokens
FN:221,GlacisTokenClient.getQuorum
FNDA:3873,GlacisTokenClient.getQuorum
DA:227,3873
DA:227,3873
DA:227,3873
FNF:8
FNH:7
LF:19
LH:18
BRF:2
BRH:1
end_of_record
TN:
SF:contracts/client/GlacisTokenClientOwnable.sol
FN:14,GlacisTokenClientOwnable.
FNDA:271,GlacisTokenClientOwnable.
DA:20,270
DA:20,270
FN:25,GlacisTokenClientOwnable.addAllowedRoute
FNDA:1101,GlacisTokenClientOwnable.addAllowedRoute
DA:28,1101
DA:28,1101
FN:33,GlacisTokenClientOwnable.removeAllowedRoute
FNDA:0,GlacisTokenClientOwnable.removeAllowedRoute
DA:36,0
DA:36,0
FN:40,GlacisTokenClientOwnable.removeAllAllowedRoutes
FNDA:0,GlacisTokenClientOwnable.removeAllAllowedRoutes
DA:41,0
DA:41,0
FNF:4
FNH:2
LF:4
LH:2
BRF:0
BRH:0
end_of_record
TN:
SF:contracts/interfaces/IGlacisClient.sol
FN:14,IGlacisClient.
FNDA:1049,IGlacisClient.
DA:15,1049
DA:15,1049
FN:31,IGlacisClient.getQuorum
FNDA:1545,IGlacisClient.getQuorum
DA:35,1545
DA:35,1545
FNF:2
FNH:2
LF:2
LH:2
BRF:0
BRH:0
end_of_record
TN:
SF:contracts/libraries/AddressBytes32.sol
FN:10,AddressBytes32.toBytes32
FNDA:65197,AddressBytes32.toBytes32
DA:11,65197
DA:11,65197
DA:11,65197
FN:14,AddressBytes32.toAddress
FNDA:53160,AddressBytes32.toAddress
DA:15,53160
DA:15,53160
DA:15,53160
FNF:2
FNH:2
LF:2
LH:2
BRF:0
BRH:0
end_of_record
TN:
SF:contracts/libraries/AddressString.sol
FN:10,AddressString.toAddress
FNDA:12221,AddressString.toAddress
DA:13,12221
DA:13,12221
DA:13,12221
DA:14,12221
DA:14,12221
DA:15,12221
DA:15,12221
DA:15,256641
DA:15,244420
DA:16,244420
DA:16,244420
DA:17,244420
DA:17,244420
DA:17,244420
DA:18,244420
DA:18,244420
DA:19,244420
DA:19,244420
DA:20,244420
DA:20,244420
DA:22,12221
DA:22,12221
DA:22,12221
FN:27,AddressString.parseByteToUint8
FNDA:488840,AddressString.parseByteToUint8
DA:28,488840
DA:28,488840
DA:28,488840
DA:28,488840
DA:28,488840
DA:28,488840
BRDA:28,0,0,326479
BRDA:28,0,1,162361
DA:29,326479
DA:29,326479
DA:29,326479
DA:29,326479
DA:30,162361
DA:30,162361
DA:30,162361
DA:30,162361
DA:30,162361
DA:30,162361
BRDA:30,1,0,1241
BRDA:30,1,1,161120
DA:31,1241
DA:31,1241
DA:31,1241
DA:31,1241
DA:32,161120
DA:32,161120
DA:32,161120
DA:32,161120
DA:32,161120
DA:32,161120
BRDA:32,2,0,161120
BRDA:32,2,1,-
DA:33,161120
DA:33,161120
DA:33,161120
DA:33,161120
DA:35,0
DA:35,0
FNF:2
FNH:2
LF:16
LH:15
BRF:6
BRH:5
end_of_record
TN:
SF:contracts/managers/GlacisRemoteCounterpartManager.sol
FN:23,GlacisRemoteCounterpartManager.addRemoteCounterparts
FNDA:4220,GlacisRemoteCounterpartManager.addRemoteCounterparts
DA:27,4218
DA:27,4218
BRDA:27,0,0,-
BRDA:27,0,1,4218
DA:28,0
DA:28,0
DA:29,4218
DA:29,4218
DA:29,8436
DA:29,4218
DA:30,4218
DA:30,4218
BRDA:30,1,0,-
BRDA:30,1,1,4218
DA:31,0
DA:31,0
DA:32,4218
DA:32,4218
FN:38,GlacisRemoteCounterpartManager.removeRemoteCounterpart
FNDA:522,GlacisRemoteCounterpartManager.removeRemoteCounterpart
DA:39,520
DA:39,520
BRDA:39,2,0,-
BRDA:39,2,1,520
DA:40,0
DA:40,0
DA:41,520
DA:41,520
FN:46,GlacisRemoteCounterpartManager.getRemoteCounterpart
FNDA:0,GlacisRemoteCounterpartManager.getRemoteCounterpart
DA:49,0
DA:49,0
FNF:3
FNH:2
LF:10
LH:6
BRF:6
BRH:3
end_of_record
TN:
SF:contracts/mediators/GlacisTokenMediator.sol
FN:34,GlacisTokenMediator.
FNDA:0,GlacisTokenMediator.
DA:40,0
DA:40,0
DA:41,0
DA:41,0
FN:56,GlacisTokenMediator.route
FNDA:3359,GlacisTokenMediator.route
DA:66,3359
DA:66,3359
DA:67,3359
DA:67,3359
DA:67,3359
BRDA:67,0,0,-
BRDA:67,0,1,3359
DA:68,0
DA:68,0
DA:70,3359
DA:70,3359
DA:71,3359
DA:71,3359
DA:71,3359
DA:78,3359
DA:78,3359
DA:79,3359
DA:79,3359
DA:80,3359
DA:80,3359
FN:102,GlacisTokenMediator.routeRetry
FNDA:258,GlacisTokenMediator.routeRetry
DA:115,258
DA:115,258
DA:115,258
DA:124,258
DA:124,258
DA:124,258
FN:143,GlacisTokenMediator._routeRetry
FNDA:258,GlacisTokenMediator._routeRetry
DA:152,258
DA:152,258
DA:153,258
DA:153,258
DA:153,258
BRDA:153,1,0,-
BRDA:153,1,1,258
DA:154,0
DA:154,0
DA:156,258
DA:156,258
DA:157,258
DA:157,258
FN:174,GlacisTokenMediator.receiveMessage
FNDA:3365,GlacisTokenMediator.receiveMessage
DA:181,3365
DA:181,3365
BRDA:181,2,0,-
BRDA:181,2,1,3365
DA:182,0
DA:182,0
DA:183,3365
DA:183,3365
BRDA:183,3,0,260
BRDA:183,3,1,3105
DA:184,260
DA:184,260
DA:187,3105
DA:187,3105
DA:194,3105
DA:194,3105
DA:201,3105
DA:201,3105
DA:201,3105
DA:202,520
DA:202,520
DA:202,520
BRDA:200,4,0,260
BRDA:200,4,1,2845
DA:204,260
DA:204,260
DA:211,2845
DA:211,2845
DA:211,2845
DA:212,2845
DA:212,2845
DA:213,2845
DA:213,2845
DA:214,2845
DA:214,2845
DA:214,2845
DA:216,2845
DA:216,2845
BRDA:216,5,0,-
BRDA:216,5,1,2067
DA:217,2067
DA:217,2067
FN:232,GlacisTokenMediator.getQuorum
FNDA:4135,GlacisTokenMediator.getQuorum
DA:236,4135
DA:236,4135
DA:243,4135
DA:243,4135
DA:244,4135
DA:244,4135
DA:245,4135
DA:245,4135
DA:248,4135
DA:248,4135
DA:248,4135
DA:249,4135
DA:249,4135
BRDA:249,6,0,258
BRDA:249,6,1,3877
DA:250,258
DA:250,258
DA:253,3877
DA:253,3877
DA:254,3877
DA:254,3877
FN:267,GlacisTokenMediator.isAllowedRoute
FNDA:7502,GlacisTokenMediator.isAllowedRoute
DA:274,7502
DA:274,7502
BRDA:274,7,0,260
BRDA:274,7,1,7242
DA:274,260
DA:276,7242
DA:276,7242
DA:283,7242
DA:283,7242
DA:287,7242
DA:287,7242
DA:287,7242
DA:288,7242
DA:288,7242
BRDA:288,8,0,-
BRDA:288,8,1,260
DA:289,778
DA:289,778
DA:289,778
DA:289,778
DA:289,778
DA:293,6464
DA:293,6464
DA:294,6464
DA:294,6464
FN:305,GlacisTokenMediator.getTokenVariant
FNDA:4137,GlacisTokenMediator.getTokenVariant
DA:309,4137
DA:309,4137
FN:325,GlacisTokenMediator.packTokenPayload
FNDA:3617,GlacisTokenMediator.packTokenPayload
DA:332,3617
DA:332,3617
DA:333,3617
DA:333,3617
FN:345,GlacisTokenMediator.decodeTokenPayload
FNDA:11377,GlacisTokenMediator.decodeTokenPayload
DA:359,11377
DA:359,11377
FNF:10
FNH:9
LF:53
LH:48
BRF:18
BRH:13
end_of_record
TN:
SF:contracts/mediators/SimpleTokenMediator.sol
FN:35,SimpleTokenMediator.
FNDA:813,SimpleTokenMediator.
DA:40,795
DA:40,795
FN:47,SimpleTokenMediator.setXERC20
FNDA:1044,SimpleTokenMediator.setXERC20
DA:48,1043
DA:48,1043
FN:59,SimpleTokenMediator.sendCrossChain
FNDA:1029,SimpleTokenMediator.sendCrossChain
DA:67,1029
DA:67,1029
DA:68,1029
DA:68,1029
DA:68,1029
BRDA:68,0,0,-
BRDA:68,0,1,1029
DA:69,0
DA:69,0
DA:71,1029
DA:71,1029
DA:72,1029
DA:72,1029
DA:72,1029
DA:73,1029
DA:73,1029
DA:78,1029
DA:78,1029
DA:79,1029
DA:79,1029
FN:99,SimpleTokenMediator.sendCrossChainRetry
FNDA:257,SimpleTokenMediator.sendCrossChainRetry
DA:110,257
DA:110,257
DA:110,257
DA:113,257
DA:113,257
DA:114,257
DA:114,257
FN:126,SimpleTokenMediator._routeRetry
FNDA:257,SimpleTokenMediator._routeRetry
DA:135,257
DA:135,257
DA:136,257
DA:136,257
DA:136,257
BRDA:136,1,0,-
BRDA:136,1,1,257
DA:137,0
DA:137,0
DA:139,257
DA:139,257
DA:140,257
DA:140,257
FN:154,SimpleTokenMediator._receiveMessage
FNDA:1031,SimpleTokenMediator._receiveMessage
DA:162,1031
DA:162,1031
DA:162,1031
DA:165,1031
DA:165,1031
DA:165,1031
DA:166,1031
DA:166,1031
DA:167,1031
DA:167,1031
FN:175,SimpleTokenMediator.packTokenPayload
FNDA:1286,SimpleTokenMediator.packTokenPayload
DA:179,1286
DA:179,1286
DA:179,1286
FN:183,SimpleTokenMediator.decodeTokenPayload
FNDA:1031,SimpleTokenMediator.decodeTokenPayload
DA:186,1031
DA:186,1031
FN:191,SimpleTokenMediator.addAllowedRoute
FNDA:783,SimpleTokenMediator.addAllowedRoute
DA:194,783
DA:194,783
FN:199,SimpleTokenMediator.removeAllowedRoute
FNDA:0,SimpleTokenMediator.removeAllowedRoute
DA:202,0
DA:202,0
FN:206,SimpleTokenMediator.removeAllAllowedRoutes
FNDA:1,SimpleTokenMediator.removeAllAllowedRoutes
DA:207,1
DA:207,1
FNF:11
FNH:10
LF:27
LH:24
BRF:4
BRH:2
end_of_record
TN:
SF:contracts/routers/GlacisAbstractRouter.sol
FN:30,GlacisAbstractRouter.
FNDA:455,GlacisAbstractRouter.
DA:32,455
DA:32,455
FN:38,GlacisAbstractRouter.registerAdapter
FNDA:1563,GlacisAbstractRouter.registerAdapter
DA:42,1562
DA:42,1562
DA:42,1562
BRDA:42,0,0,1
BRDA:42,0,1,1561
DA:43,1
DA:43,1
DA:44,1561
DA:44,1561
BRDA:44,1,0,1
BRDA:44,1,1,1560
DA:44,1
DA:45,1560
DA:45,1560
BRDA:45,2,0,1
BRDA:45,2,1,1559
DA:45,1
DA:48,1559
DA:48,1559
DA:49,1559
DA:49,1559
DA:52,1559
DA:52,1559
DA:53,1559
DA:53,1559
FN:58,GlacisAbstractRouter.unRegisterAdapter
FNDA:259,GlacisAbstractRouter.unRegisterAdapter
DA:61,259
DA:61,259
DA:62,259
DA:62,259
DA:62,259
BRDA:62,3,0,-
BRDA:62,3,1,259
DA:63,0
DA:63,0
DA:64,259
DA:64,259
BRDA:64,4,0,-
BRDA:64,4,1,259
DA:64,0
DA:66,259
DA:66,259
DA:67,259
DA:67,259
FN:78,GlacisAbstractRouter._createGlacisMessageId
FNDA:11176,GlacisAbstractRouter._createGlacisMessageId
DA:83,11176
DA:83,11176
DA:84,11176
DA:84,11176
DA:94,11176
DA:94,11176
FN:109,GlacisAbstractRouter.validateGlacisMessageId
FNDA:0,GlacisAbstractRouter.validateGlacisMessageId
DA:117,522
DA:117,522
DA:118,522
DA:118,522
FN:138,GlacisAbstractRouter._validateGlacisMessageId
FNDA:15603,GlacisAbstractRouter._validateGlacisMessageId
DA:147,15603
DA:147,15603
DA:147,15603
DA:158,15603
DA:158,15603
DA:158,15603
FNF:6
FNH:5
LF:22
LH:21
BRF:10
BRH:8
end_of_record
TN:
SF:contracts/routers/GlacisRouter.sol
FN:45,GlacisRouter.
FNDA:1295,GlacisRouter.
DA:46,196
DA:46,196
FN:58,GlacisRouter.route
FNDA:11694,GlacisRouter.route
DA:68,11694
DA:68,11694
DA:70,11176
DA:70,11176
DA:70,11176
DA:71,11176
DA:71,11176
DA:73,11176
DA:73,11176
DA:81,9879
BRDA:81,0,0,3374
BRDA:81,0,1,9879
DA:82,3374
DA:82,3374
DA:86,9879
DA:86,9879
DA:98,9879
DA:98,9879
FN:111,GlacisRouter.routeRetry
FNDA:522,GlacisRouter.routeRetry
DA:122,522
DA:122,522
DA:124,522
DA:124,522
DA:125,522
DA:125,522
BRDA:125,1,0,-
BRDA:125,1,1,522
DA:126,0
DA:126,0
DA:128,522
DA:128,522
BRDA:127,2,0,-
BRDA:127,2,1,522
DA:136,0
DA:136,0
DA:138,522
DA:138,522
DA:138,522
DA:139,522
DA:139,522
DA:139,522
DA:146,522
DA:146,522
DA:155,520
DA:155,520
DA:167,520
DA:167,520
FN:176,GlacisRouter._processRouting
FNDA:11698,GlacisRouter._processRouting
DA:183,11698
DA:183,11698
DA:185,11698
DA:185,11698
DA:185,26521
DA:186,16122
DA:186,16122
DA:189,16122
DA:189,16122
DA:189,16122
BRDA:189,3,0,-
BRDA:189,3,1,10939
DA:190,10939
DA:190,10939
DA:191,10939
DA:191,10939
DA:191,10939
BRDA:191,4,0,-
BRDA:191,4,1,10939
DA:191,0
DA:193,5183
DA:193,5183
DA:193,5183
BRDA:193,5,0,-
BRDA:193,5,1,5183
DA:193,0
DA:195,16122
DA:195,16122
DA:204,14823
DA:204,14823
FN:212,GlacisRouter.receiveMessage
FNDA:15858,GlacisRouter.receiveMessage
DA:217,15858
DA:217,15858
DA:217,15858
DA:223,15858
DA:223,15858
DA:223,15858
DA:226,15858
DA:226,15858
DA:227,15858
DA:227,15858
DA:227,15858
DA:233,15858
DA:233,15858
DA:233,15858
DA:233,10935
BRDA:233,6,0,-
BRDA:233,6,1,10417
DA:234,10417
DA:234,10417
DA:241,15858
DA:241,15858
BRDA:241,7,0,777
BRDA:241,7,1,15081
DA:241,777
DA:244,15081
DA:244,15081
DA:244,15081
DA:247,15081
DA:247,15081
DA:252,15081
BRDA:252,8,0,520
BRDA:252,8,1,14561
DA:253,520
DA:253,520
DA:255,14561
DA:255,14561
DA:257,14561
DA:257,14561
DA:258,14561
DA:258,14561
DA:260,14561
DA:260,14561
DA:269,14561
DA:269,14561
BRDA:268,9,0,-
BRDA:268,9,1,14561
DA:278,0
DA:278,0
DA:281,14561
DA:281,14561
DA:281,14561
DA:282,9101
DA:282,9101
BRDA:280,10,0,-
BRDA:280,10,1,9101
DA:284,9101
DA:284,9101
DA:285,9101
DA:285,9101
DA:287,9101
DA:287,9101
DA:294,5460
DA:294,5460
FN:301,GlacisRouter.retryReceiveMessage
FNDA:520,GlacisRouter.retryReceiveMessage
DA:306,520
DA:306,520
DA:306,520
DA:312,520
DA:312,520
DA:312,520
DA:315,520
DA:315,520
DA:315,520
DA:318,520
DA:318,520
DA:324,520
DA:324,520
BRDA:323,11,0,-
BRDA:323,11,1,520
DA:333,0
DA:333,0
DA:337,520
DA:337,520
DA:337,520
DA:337,520
DA:338,520
DA:338,520
DA:339,260
DA:339,260
BRDA:336,12,0,-
BRDA:336,12,1,260
DA:341,260
DA:341,260
DA:342,260
DA:342,260
DA:344,260
DA:344,260
DA:351,260
DA:351,260
FN:357,GlacisRouter.validateFeesInput
FNDA:12216,GlacisRouter.validateFeesInput
DA:361,12216
DA:361,12216
BRDA:361,13,0,-
BRDA:361,13,1,12216
DA:362,0
DA:362,0
DA:363,12216
DA:363,12216
BRDA:363,14,0,518
BRDA:363,14,1,11698
DA:364,518
DA:364,518
DA:366,11698
DA:366,11698
DA:367,11698
DA:367,11698
DA:367,28081
DA:368,16383
DA:368,16383
DA:370,16383
DA:370,16383
DA:373,11698
DA:373,11698
BRDA:373,15,0,-
BRDA:373,15,1,11698
DA:374,0
DA:374,0
FNF:7
FNH:7
LF:75
LH:69
BRF:32
BRH:20
end_of_record
TN:
SF:contracts/token/XERC20.sol
FN:41,XERC20Basic.
FNDA:0,XERC20Basic.
DA:46,0
DA:46,0
DA:47,0
DA:47,0
FN:57,XERC20Basic.mint
FNDA:5424,XERC20Basic.mint
DA:58,5424
DA:58,5424
FN:68,XERC20Basic.burn
FNDA:4904,XERC20Basic.burn
DA:69,4904
DA:69,4904
BRDA:69,0,0,4904
BRDA:69,0,1,4904
DA:70,4904
DA:70,4904
DA:72,4904
DA:72,4904
FN:81,XERC20Basic.setLockbox
FNDA:0,XERC20Basic.setLockbox
DA:82,0
DA:82,0
BRDA:82,1,0,-
BRDA:82,1,1,-
DA:82,0
DA:83,0
DA:83,0
DA:85,0
DA:85,0
FN:95,XERC20Basic.setLimits
FNDA:945,XERC20Basic.setLimits
DA:100,945
DA:100,945
DA:101,945
DA:101,945
DA:102,945
DA:102,945
FN:112,XERC20Basic.mintingMaxLimitOf
FNDA:0,XERC20Basic.mintingMaxLimitOf
DA:115,0
DA:115,0
FN:125,XERC20Basic.burningMaxLimitOf
FNDA:0,XERC20Basic.burningMaxLimitOf
DA:128,0
DA:128,0
FN:138,XERC20Basic.mintingCurrentLimitOf
FNDA:0,XERC20Basic.mintingCurrentLimitOf
DA:141,11793
DA:141,11793
FN:156,XERC20Basic.burningCurrentLimitOf
FNDA:0,XERC20Basic.burningCurrentLimitOf
DA:159,10753
DA:159,10753
FN:173,XERC20Basic._useMinterLimits
FNDA:5424,XERC20Basic._useMinterLimits
DA:174,5424
DA:174,5424
DA:174,5424
DA:175,5424
DA:175,5424
DA:176,5424
DA:176,5424
FN:185,XERC20Basic._useBurnerLimits
FNDA:4904,XERC20Basic._useBurnerLimits
DA:186,4904
DA:186,4904
DA:186,4904
DA:187,4904
DA:187,4904
DA:188,4904
DA:188,4904
FN:198,XERC20Basic._changeMinterLimit
FNDA:945,XERC20Basic._changeMinterLimit
DA:199,945
DA:199,945
DA:200,945
DA:200,945
DA:200,945
DA:201,945
DA:201,945
DA:203,945
DA:203,945
DA:209,945
DA:209,945
DA:210,945
DA:210,945
FN:220,XERC20Basic._changeBurnerLimit
FNDA:945,XERC20Basic._changeBurnerLimit
DA:221,945
DA:221,945
DA:222,945
DA:222,945
DA:222,945
DA:223,945
DA:223,945
DA:225,945
DA:225,945
DA:231,945
DA:231,945
DA:232,945
DA:232,945
FN:243,XERC20Basic._calculateNewCurrentLimit
FNDA:1890,XERC20Basic._calculateNewCurrentLimit
DA:248,1890
DA:248,1890
DA:250,1890
DA:250,1890
BRDA:250,2,0,-
BRDA:250,2,1,-
DA:251,0
DA:251,0
DA:252,0
DA:252,0
DA:256,1890
DA:256,1890
DA:257,1890
DA:257,1890
FN:270,XERC20Basic._getCurrentLimit
FNDA:22546,XERC20Basic._getCurrentLimit
DA:276,22546
DA:276,22546
DA:277,22546
DA:277,22546
BRDA:277,3,0,6
BRDA:277,3,1,22546
DA:278,22546
DA:278,22546
DA:279,6
DA:279,6
DA:279,6
BRDA:279,4,0,-
BRDA:279,4,1,6
DA:280,0
DA:280,0
DA:281,6
DA:281,6
DA:281,6
BRDA:281,5,0,6
BRDA:281,5,1,-
DA:282,6
DA:282,6
DA:282,6
DA:283,6
DA:283,6
DA:283,6
DA:284,6
DA:284,6
FN:298,XERC20Basic._burnWithCaller
FNDA:4904,XERC20Basic._burnWithCaller
DA:303,4904
DA:303,4904
BRDA:303,6,0,-
BRDA:303,6,1,4904
DA:304,4904
DA:304,4904
DA:304,4904
DA:305,4904
DA:305,4904
BRDA:305,7,0,-
BRDA:305,7,1,4904
DA:305,0
DA:306,4904
DA:306,4904
DA:308,4904
DA:308,4904
FN:319,XERC20Basic._mintWithCaller
FNDA:5424,XERC20Basic._mintWithCaller
DA:324,5424
DA:324,5424
BRDA:324,8,0,-
BRDA:324,8,1,5424
DA:325,5424
DA:325,5424
DA:325,5424
DA:326,5424
DA:326,5424
BRDA:326,9,0,-
BRDA:326,9,1,5424
DA:326,0
DA:327,5424
DA:327,5424
DA:329,5424
DA:329,5424
FN:342,XERC20.
FNDA:0,XERC20.
FN:355,XERC20.getTokenVariant
FNDA:4137,XERC20.getTokenVariant
DA:358,4137
DA:358,4137
FN:367,XERC20.setTokenVariant
FNDA:260,XERC20.setTokenVariant
DA:371,260
DA:371,260
FN:379,XERC20.removeTokenVariant
FNDA:0,XERC20.removeTokenVariant
DA:380,0
DA:380,0
FNF:21
FNH:13
LF:62
LH:51
BRF:20
BRH:10
end_of_record
TN:
SF:contracts/token/XERC20Lockbox.sol
FN:37,XERC20Lockbox.
FNDA:0,XERC20Lockbox.
DA:38,0
DA:38,0
DA:39,0
DA:39,0
DA:40,0
DA:40,0
FN:47,XERC20Lockbox.depositNative
FNDA:258,XERC20Lockbox.depositNative
DA:48,258
DA:48,258
BRDA:48,0,0,-
BRDA:48,0,1,258
DA:48,0
DA:50,258
DA:50,258
FN:59,XERC20Lockbox.deposit
FNDA:774,XERC20Lockbox.deposit
DA:60,774
BRDA:60,1,0,-
BRDA:60,1,1,774
DA:60,0
DA:62,774
DA:62,774
FN:72,XERC20Lockbox.depositTo
FNDA:258,XERC20Lockbox.depositTo
DA:73,258
BRDA:73,2,0,-
BRDA:73,2,1,258
DA:73,0
DA:75,258
DA:75,258
FN:84,XERC20Lockbox.depositNativeTo
FNDA:258,XERC20Lockbox.depositNativeTo
DA:85,258
DA:85,258
BRDA:85,3,0,-
BRDA:85,3,1,258
DA:85,0
DA:87,258
DA:87,258
FN:96,XERC20Lockbox.withdraw
FNDA:258,XERC20Lockbox.withdraw
DA:97,258
DA:97,258
FN:107,XERC20Lockbox.withdrawTo
FNDA:258,XERC20Lockbox.withdrawTo
DA:108,258
DA:108,258
FN:118,XERC20Lockbox._withdraw
FNDA:516,XERC20Lockbox._withdraw
DA:119,516
DA:119,516
DA:121,516
DA:121,516
DA:123,516
BRDA:123,4,0,-
BRDA:123,4,1,-
DA:124,0
DA:124,0
DA:124,0
DA:125,0
DA:125,0
BRDA:125,5,0,-
BRDA:125,5,1,-
DA:125,0
DA:127,516
DA:127,516
FN:138,XERC20Lockbox._deposit
FNDA:1548,XERC20Lockbox._deposit
DA:139,1548
DA:139,1548
BRDA:139,6,0,1032
BRDA:139,6,1,1548
DA:140,1032
DA:140,1032
DA:143,1548
DA:143,1548
DA:144,1548
DA:144,1548
FNF:9
FNH:8
LF:23
LH:18
BRF:14
BRH:6
end_of_record
TN:
SF:test/LocalTestSetup.sol
FN:46,LocalTestSetup.
FNDA:0,LocalTestSetup.
FN:48,LocalTestSetup.createFees
FNDA:6506,LocalTestSetup.createFees
DA:52,6506
DA:52,6506
DA:52,6506
DA:53,6506
DA:53,6506
DA:53,17697
DA:53,11191
DA:54,11191
DA:54,11191
DA:59,6506
DA:59,6506
FN:63,LocalTestSetup.deployGlacisRouter
FNDA:116,LocalTestSetup.deployGlacisRouter
DA:64,116
DA:64,116
FN:70,LocalTestSetup.deployAxelarFixture
FNDA:91,LocalTestSetup.deployAxelarFixture
DA:77,91
DA:77,91
DA:78,91
DA:78,91
FN:82,LocalTestSetup.deployAxelarRetryFixture
FNDA:262,LocalTestSetup.deployAxelarRetryFixture
DA:86,262
DA:86,262
DA:86,262
FN:90,LocalTestSetup.deployLayerZeroFixture
FNDA:96,LocalTestSetup.deployLayerZeroFixture
DA:94,96
DA:94,96
FN:98,LocalTestSetup.deployWormholeFixture
FNDA:28,LocalTestSetup.deployWormholeFixture
DA:102,28
DA:102,28
FN:106,LocalTestSetup.deployCCIPFixture
FNDA:22,LocalTestSetup.deployCCIPFixture
DA:107,22
DA:107,22
FN:111,LocalTestSetup.deployHyperlaneFixture
FNDA:22,LocalTestSetup.deployHyperlaneFixture
DA:115,22
DA:115,22
FN:123,LocalTestSetup.deployAxelarAdapters
FNDA:91,LocalTestSetup.deployAxelarAdapters
DA:129,91
DA:129,91
DA:137,91
DA:137,91
DA:140,91
DA:140,91
DA:140,91
DA:141,91
DA:141,91
DA:142,91
DA:142,91
DA:142,91
DA:143,91
DA:143,91
DA:145,91
DA:145,91
DA:146,91
DA:146,91
DA:146,91
DA:147,91
DA:147,91
DA:148,91
DA:148,91
DA:150,91
DA:150,91
FN:154,LocalTestSetup.deployLayerZeroAdapters
FNDA:96,LocalTestSetup.deployLayerZeroAdapters
DA:158,96
DA:158,96
DA:165,96
DA:165,96
DA:165,96
DA:166,96
DA:166,96
DA:167,96
DA:167,96
DA:167,96
DA:168,96
DA:168,96
DA:169,96
DA:169,96
DA:172,96
DA:172,96
DA:172,96
DA:173,96
DA:173,96
DA:174,96
DA:174,96
DA:177,96
DA:177,96
DA:179,96
DA:179,96
FN:183,LocalTestSetup.deployWormholeAdapter
FNDA:28,LocalTestSetup.deployWormholeAdapter
DA:188,28
DA:188,28
DA:195,28
DA:195,28
DA:195,28
DA:196,28
DA:196,28
DA:197,28
DA:197,28
DA:197,28
DA:198,28
DA:198,28
DA:200,28
DA:200,28
DA:202,28
DA:202,28
DA:203,28
DA:203,28
DA:203,28
DA:204,28
DA:204,28
DA:205,28
DA:205,28
DA:207,28
DA:207,28
FN:211,LocalTestSetup.deployCCIPAdapter
FNDA:22,LocalTestSetup.deployCCIPAdapter
DA:215,22
DA:215,22
DA:221,22
DA:221,22
DA:221,22
DA:222,22
DA:222,22
DA:223,22
DA:223,22
DA:223,22
DA:224,22
DA:224,22
DA:226,22
DA:226,22
DA:227,22
DA:227,22
DA:228,22
DA:228,22
DA:228,22
DA:229,22
DA:229,22
DA:230,22
DA:230,22
DA:232,22
DA:232,22
FN:236,LocalTestSetup.deployHyperlaneAdapter
FNDA:22,LocalTestSetup.deployHyperlaneAdapter
DA:240,22
DA:240,22
DA:246,22
DA:246,22
DA:246,22
DA:247,22
DA:247,22
DA:248,22
DA:248,22
DA:248,22
DA:249,22
DA:249,22
DA:251,22
DA:251,22
DA:253,22
DA:253,22
DA:254,22
DA:254,22
DA:254,22
DA:255,22
DA:255,22
DA:256,22
DA:256,22
DA:258,22
DA:258,22
FN:265,LocalTestSetup.deployGlacisClientSample
FNDA:65,LocalTestSetup.deployGlacisClientSample
DA:274,65
DA:274,65
DA:275,65
DA:275,65
DA:282,65
DA:282,65
DA:286,65
DA:286,65
FN:296,LocalTestSetup.deployGlacisDAOSample
FNDA:0,LocalTestSetup.deployGlacisDAOSample
DA:301,0
DA:301,0
DA:307,0
DA:307,0
FN:317,LocalTestSetup.deployGlacisTokenFixture
FNDA:54,LocalTestSetup.deployGlacisTokenFixture
DA:331,54
DA:331,54
DA:336,54
DA:336,54
DA:337,54
DA:337,54
DA:338,54
DA:338,54
DA:345,54
DA:345,54
DA:352,54
DA:352,54
DA:360,54
DA:360,54
DA:368,54
DA:368,54
DA:375,54
DA:375,54
DA:376,54
DA:376,54
DA:377,54
DA:377,54
DA:383,54
DA:383,54
DA:383,54
DA:384,54
DA:384,54
DA:385,54
DA:385,54
DA:385,54
DA:386,54
DA:386,54
DA:387,54
DA:387,54
FNF:17
FNH:15
LF:89
LH:87
BRF:0
BRH:0
end_of_record
TN:
SF:test/client/adapter.t.sol
FN:175,GlacisLayerZeroAdapterHarness.
FNDA:0,GlacisLayerZeroAdapterHarness.
FN:181,GlacisLayerZeroAdapterHarness.harness_onlyAuthorizedAdapter
FNDA:260,GlacisLayerZeroAdapterHarness.harness_onlyAuthorizedAdapter
FN:307,GlacisWormholeAdapterHarness.
FNDA:0,GlacisWormholeAdapterHarness.
FN:321,GlacisWormholeAdapterHarness.harness_onlyAuthorizedAdapter
FNDA:260,GlacisWormholeAdapterHarness.harness_onlyAuthorizedAdapter
FNF:4
FNH:2
LF:0
LH:0
BRF:0
BRH:0
end_of_record
TN:
SF:test/client/redundancy.t.sol
FN:275,RedundancyReceivingDataTestHarness.
FNDA:0,RedundancyReceivingDataTestHarness.
DA:276,0
DA:276,0
FN:290,RedundancyReceivingDataTestHarness._receiveMessage
FNDA:1,RedundancyReceivingDataTestHarness._receiveMessage
DA:296,1
DA:296,1
DA:297,1
DA:297,1
DA:298,1
DA:298,1
DA:299,1
DA:299,1
FN:302,RedundancyReceivingDataTestHarness.route
FNDA:1,RedundancyReceivingDataTestHarness.route
DA:310,1
DA:310,1
FNF:3
FNH:2
LF:6
LH:5
BRF:0
BRH:0
end_of_record
TN:
SF:test/contracts/libraries/CheckSum.sol
FN:9,CheckSum.toChecksumString
FNDA:5980,CheckSum.toChecksumString
DA:12,5980
DA:12,5980
FN:17,CheckSum.getChecksum
FNDA:6501,CheckSum.getChecksum
DA:21,6501
DA:21,6501
DA:21,6501
FN:26,CheckSum.getChecksumCapitalizedCharacters
FNDA:0,CheckSum.getChecksumCapitalizedCharacters
DA:30,0
DA:30,0
DA:30,0
FN:36,CheckSum.isChecksumValid
FNDA:0,CheckSum.isChecksumValid
DA:40,0
DA:40,0
DA:40,0
FN:43,CheckSum._toChecksumString
FNDA:6501,CheckSum._toChecksumString
DA:47,6501
DA:47,6501
DA:47,6501
DA:50,6501
DA:50,6501
DA:50,6501
DA:53,6501
DA:53,6501
DA:54,6501
DA:54,6501
DA:55,6501
DA:55,6501
DA:56,6501
DA:56,6501
DA:57,6501
DA:57,6501
DA:58,6501
DA:58,6501
DA:61,6501
DA:61,6501
DA:61,6501
DA:64,6501
DA:64,6501
DA:64,136521
DA:64,130020
DA:66,130020
DA:66,130020
DA:67,130020
DA:67,130020
DA:68,130020
DA:68,130020
DA:71,130020
DA:71,130020
DA:72,130020
DA:72,130020
DA:75,130020
DA:75,130020
DA:78,130020
DA:78,130020
DA:81,130020
DA:81,130020
DA:84,130020
DA:84,130020
DA:87,6501
DA:87,6501
DA:87,6501
FN:90,CheckSum._toChecksumCapsFlags
FNDA:6501,CheckSum._toChecksumCapsFlags
DA:94,6501
DA:94,6501
DA:94,6501
DA:97,6501
DA:97,6501
DA:97,6501
DA:100,6501
DA:100,6501
DA:101,6501
DA:101,6501
DA:102,6501
DA:102,6501
DA:103,6501
DA:103,6501
DA:106,6501
DA:106,6501
DA:106,136521
DA:106,130020
DA:108,130020
DA:108,130020
DA:109,130020
DA:109,130020
DA:110,130020
DA:110,130020
DA:111,130020
DA:111,130020
DA:113,130020
DA:113,130020
DA:115,130020
DA:115,130020
FN:120,CheckSum._isChecksumValid
FNDA:0,CheckSum._isChecksumValid
DA:124,0
DA:124,0
DA:124,0
DA:127,0
DA:127,0
DA:127,0
BRDA:127,0,0,-
BRDA:127,0,1,-
DA:129,0
DA:129,0
DA:129,0
DA:130,0
DA:130,0
DA:130,0
DA:130,0
DA:131,0
DA:131,0
BRDA:131,1,0,-
BRDA:131,1,1,-
DA:132,0
DA:132,0
DA:138,0
DA:138,0
DA:138,0
DA:141,0
DA:141,0
FN:145,CheckSum._getAsciiOffset
FNDA:260040,CheckSum._getAsciiOffset
DA:150,260040
DA:150,260040
BRDA:150,2,0,174698
BRDA:150,2,1,85342
DA:151,174698
DA:151,174698
DA:152,85342
BRDA:152,3,0,44491
BRDA:152,3,1,40851
DA:153,44491
DA:153,44491
DA:155,40851
DA:155,40851
FN:159,CheckSum._toAddress
FNDA:0,CheckSum._toAddress
DA:163,0
DA:163,0
DA:163,0
DA:166,0
DA:166,0
DA:166,0
DA:169,0
DA:169,0
DA:170,0
DA:170,0
DA:171,0
DA:171,0
DA:174,0
DA:174,0
BRDA:174,4,0,-
BRDA:174,4,1,-
DA:175,0
DA:175,0
DA:175,0
DA:175,0
DA:177,0
DA:177,0
DA:180,0
DA:180,0
BRDA:180,5,0,-
BRDA:180,5,1,-
DA:180,0
DA:180,0
DA:181,0
DA:181,0
DA:181,0
DA:181,0
BRDA:181,6,0,-
BRDA:181,6,1,-
DA:181,0
DA:181,0
DA:182,0
DA:182,0
DA:182,0
DA:182,0
BRDA:182,7,0,-
BRDA:182,7,1,-
DA:182,0
DA:182,0
DA:183,0
DA:183,0
BRDA:183,8,0,-
BRDA:183,8,1,-
DA:183,0
DA:183,0
DA:186,0
DA:186,0
BRDA:186,9,0,-
BRDA:186,9,1,-
DA:188,0
DA:188,0
DA:189,0
DA:189,0
BRDA:189,10,0,-
BRDA:189,10,1,-
DA:191,0
DA:191,0
DA:194,0
DA:194,0
DA:198,0
DA:198,0
DA:198,0
BRDA:198,11,0,-
BRDA:198,11,1,-
DA:199,0
DA:199,0
DA:201,0
DA:201,0
DA:208,0
DA:208,0
DA:208,0
DA:210,0
DA:210,0
FN:216,CheckSum._toAsciiString
FNDA:6501,CheckSum._toAsciiString
DA:220,6501
DA:220,6501
DA:220,6501
DA:223,6501
DA:223,6501
DA:224,6501
DA:224,6501
DA:225,6501
DA:225,6501
DA:228,6501
DA:228,6501
DA:228,136521
DA:228,130020
DA:230,130020
DA:230,130020
DA:231,130020
DA:231,130020
DA:232,130020
DA:232,130020
DA:235,130020
DA:235,130020
DA:238,130020
DA:238,130020
DA:243,6501
DA:243,6501
DA:243,6501
FNF:10
FNH:6
LF:83
LH:51
BRF:24
BRH:4
end_of_record
TN:
SF:test/contracts/mocks/axelar/AxelarGasServiceMock.sol
FN:8,AxelarGasServiceMock.payNativeGasForContractCall
FNDA:6219,AxelarGasServiceMock.payNativeGasForContractCall
DA:18,6219
DA:18,6219
DA:18,6219
DA:19,6219
DA:19,6219
BRDA:19,0,0,-
BRDA:19,0,1,6219
DA:20,0
DA:20,0
FNF:1
FNH:1
LF:3
LH:2
BRF:2
BRH:1
end_of_record
TN:
SF:test/contracts/mocks/axelar/AxelarGatewayMock.sol
FN:13,AxelarGatewayMock.callContract
FNDA:5979,AxelarGatewayMock.callContract
DA:19,5979
DA:19,5979
DA:20,5979
DA:20,5979
DA:20,5979
DA:23,5979
DA:23,5979
DA:23,5979
DA:25,5979
DA:25,5979
FN:28,AxelarGatewayMock.execute
FNDA:0,AxelarGatewayMock.execute
DA:34,5979
DA:34,5979
DA:35,5979
DA:35,5979
FN:44,AxelarGatewayMock.validateContractCall
FNDA:5979,AxelarGatewayMock.validateContractCall
DA:50,5979
DA:50,5979
FNF:3
FNH:2
LF:7
LH:7
BRF:0
BRH:0
end_of_record
TN:
SF:test/contracts/mocks/axelar/AxelarOneWayGatewayMock.sol
FN:11,AxelarOneWayGatewayMock.callContract
FNDA:0,AxelarOneWayGatewayMock.callContract
FN:18,AxelarOneWayGatewayMock.validateContractCall
FNDA:0,AxelarOneWayGatewayMock.validateContractCall
DA:24,0
DA:24,0
FN:27,AxelarOneWayGatewayMock.callContractMock
FNDA:0,AxelarOneWayGatewayMock.callContractMock
DA:31,0
DA:31,0
FNF:3
FNH:0
LF:2
LH:0
BRF:0
BRH:0
end_of_record
TN:
SF:test/contracts/mocks/axelar/AxelarRetryGatewayMock.sol
FN:15,AxelarRetryGatewayMock.callContract
FNDA:523,AxelarRetryGatewayMock.callContract
DA:20,523
DA:20,523
DA:20,523
DA:23,523
BRDA:23,0,0,-
BRDA:23,0,1,261
DA:24,261
DA:24,261
DA:27,261
DA:27,261
DA:28,261
DA:28,261
DA:28,261
DA:31,261
DA:31,261
DA:31,261
DA:35,261
DA:35,261
DA:42,262
DA:42,262
FN:47,AxelarRetryGatewayMock.validateContractCall
FNDA:261,AxelarRetryGatewayMock.validateContractCall
DA:53,261
DA:53,261
FNF:2
FNH:2
LF:9
LH:9
BRF:2
BRH:1
end_of_record
TN:
SF:test/contracts/mocks/ccip/CCIPRouterMock.sol
FN:14,CCIPRouterMock.ccipSend
FNDA:1301,CCIPRouterMock.ccipSend
DA:18,1301
DA:18,1301
DA:18,1301
DA:19,1301
DA:19,1301
DA:20,1301
DA:20,1301
DA:21,1301
DA:21,1301
FN:34,CCIPRouterMock.getFee
FNDA:2863,CCIPRouterMock.getFee
DA:38,2863
DA:38,2863
DA:39,2863
DA:39,2863
DA:41,2863
DA:41,2863
DA:43,2863
DA:43,2863
DA:43,2863
FNF:2
FNH:2
LF:8
LH:8
BRF:0
BRH:0
end_of_record
TN:
SF:test/contracts/mocks/hyperlane/HyperlaneMailboxMock.sol
FN:24,HyperlaneMailboxMock.
FNDA:0,HyperlaneMailboxMock.
DA:25,0
DA:25,0
DA:25,0
DA:26,0
DA:26,0
DA:28,0
DA:28,0
DA:28,0
DA:29,0
DA:29,0
DA:30,0
DA:30,0
DA:31,0
DA:31,0
DA:32,0
DA:32,0
DA:33,0
DA:33,0
FN:36,HyperlaneMailboxMock.addRemoteMailbox
FNDA:0,HyperlaneMailboxMock.addRemoteMailbox
DA:40,0
DA:40,0
FN:43,HyperlaneMailboxMock.dispatch
FNDA:781,HyperlaneMailboxMock.dispatch
DA:50,1301
DA:50,1301
DA:50,1301
DA:55,1301
DA:55,1301
DA:55,1301
DA:63,1301
DA:63,1301
DA:66,1301
DA:66,1301
BRDA:66,0,0,-
BRDA:66,0,1,1301
DA:70,1301
DA:70,1301
DA:71,1301
DA:71,1301
DA:73,1301
DA:73,1301
FN:76,HyperlaneMailboxMock.addInboundMessage
FNDA:1301,HyperlaneMailboxMock.addInboundMessage
DA:77,1301
DA:77,1301
DA:78,1301
DA:78,1301
FN:81,HyperlaneMailboxMock.processNextInboundMessage
FNDA:0,HyperlaneMailboxMock.processNextInboundMessage
DA:82,1301
DA:82,1301
DA:83,1301
DA:83,1301
DA:84,1301
DA:84,1301
FNF:5
FNH:2
LF:21
LH:12
BRF:2
BRH:1
end_of_record
TN:
SF:test/contracts/mocks/lz/LayerZeroMock.sol
FN:8,LayerZeroGMPMock.send
FNDA:3133,LayerZeroGMPMock.send
DA:17,3133
DA:17,3133
DA:17,3133
DA:18,3133
DA:18,3133
DA:25,3133
DA:25,3133
DA:25,3133
DA:26,3133
DA:26,3133
BRDA:26,0,0,-
BRDA:26,0,1,3133
DA:27,0
DA:27,0
FN:31,LayerZeroGMPMock.lzReceive
FNDA:0,LayerZeroGMPMock.lzReceive
DA:38,3133
DA:38,3133
FN:46,LayerZeroGMPMock.getChainId
FNDA:0,LayerZeroGMPMock.getChainId
DA:47,0
DA:47,0
FNF:3
FNH:1
LF:7
LH:5
BRF:2
BRH:1
end_of_record
TN:
SF:test/contracts/mocks/lz/LayerZeroOneWayMock.sol
FN:6,LayerZeroOneWayMock.send
FNDA:0,LayerZeroOneWayMock.send
FN:15,LayerZeroOneWayMock.getChainId
FNDA:0,LayerZeroOneWayMock.getChainId
DA:16,0
DA:16,0
FN:19,LayerZeroOneWayMock.send_mock
FNDA:0,LayerZeroOneWayMock.send_mock
DA:27,0
DA:27,0
FNF:3
FNH:0
LF:2
LH:0
BRF:0
BRH:0
end_of_record
TN:
SF:test/contracts/mocks/wormhole/WormholeRelayerMock.sol
FN:10,WormholeRelayerMock.sendPayloadToEvm
FNDA:0,WormholeRelayerMock.sendPayloadToEvm
DA:18,1302
DA:18,1302
DA:35,1302
DA:35,1302
FN:38,WormholeRelayerMock.receiveWormholeMessages
FNDA:0,WormholeRelayerMock.receiveWormholeMessages
DA:45,1302
DA:45,1302
FN:55,WormholeRelayerMock.sendPayloadToEvm
FNDA:1302,WormholeRelayerMock.sendPayloadToEvm
DA:64,1302
DA:64,1302
DA:65,1302
DA:65,1302
FN:74,WormholeRelayerMock.deliver
FNDA:0,WormholeRelayerMock.deliver
FN:81,WormholeRelayerMock.getDefaultDeliveryProvider
FNDA:0,WormholeRelayerMock.getDefaultDeliveryProvider
FN:87,WormholeRelayerMock.quoteDeliveryPrice
FNDA:0,WormholeRelayerMock.quoteDeliveryPrice
FN:98,WormholeRelayerMock.quoteEVMDeliveryPrice
FNDA:0,WormholeRelayerMock.quoteEVMDeliveryPrice
FN:112,WormholeRelayerMock.quoteNativeForChain
FNDA:0,WormholeRelayerMock.quoteNativeForChain
FN:118,WormholeRelayerMock.getRegisteredWormholeRelayerContract
FNDA:0,WormholeRelayerMock.getRegisteredWormholeRelayerContract
FN:122,WormholeRelayerMock.quoteEVMDeliveryPrice
FNDA:1302,WormholeRelayerMock.quoteEVMDeliveryPrice
FN:135,WormholeRelayerMock.resend
FNDA:0,WormholeRelayerMock.resend
FN:143,WormholeRelayerMock.sendVaasToEvm
FNDA:0,WormholeRelayerMock.sendVaasToEvm
FN:154,WormholeRelayerMock.sendVaasToEvm
FNDA:0,WormholeRelayerMock.sendVaasToEvm
FN:163,WormholeRelayerMock.send
FNDA:0,WormholeRelayerMock.send
FN:177,WormholeRelayerMock.resendToEvm
FNDA:0,WormholeRelayerMock.resendToEvm
FN:185,WormholeRelayerMock.sendToEvm
FNDA:0,WormholeRelayerMock.sendToEvm
FNF:16
FNH:2
LF:5
LH:5
BRF:0
BRH:0
end_of_record
TN:
SF:test/contracts/samples/CustomAdapterSample.sol
FN:10,CustomAdapterSample.
FNDA:1892,CustomAdapterSample.
FN:16,CustomAdapterSample.chainIsAvailable
FNDA:0,CustomAdapterSample.chainIsAvailable
DA:17,0
DA:17,0
FN:20,CustomAdapterSample._sendMessage
FNDA:5183,CustomAdapterSample._sendMessage
DA:26,5183
DA:26,5183
FNF:3
FNH:2
LF:2
LH:1
BRF:0
BRH:0
end_of_record
TN:
SF:test/contracts/samples/GlacisClientSample.sol
FN:9,GlacisClientSample.
FNDA:0,GlacisClientSample.
FN:14,GlacisClientSample.setRemoteValue__execute
FNDA:2862,GlacisClientSample.setRemoteValue__execute
DA:20,2862
DA:20,2862
DA:20,2862
FN:23,GlacisClientSample.setRemoteValue__redundancy
FNDA:1299,GlacisClientSample.setRemoteValue__redundancy
DA:30,1299
DA:30,1299
DA:31,1299
DA:31,1299
FN:42,GlacisClientSample.setRemoteValue__retriable
FNDA:19,GlacisClientSample.setRemoteValue__retriable
DA:49,19
DA:49,19
DA:50,19
DA:50,19
FN:62,GlacisClientSample.setRemoteValue
FNDA:2085,GlacisClientSample.setRemoteValue
DA:72,2085
DA:72,2085
DA:73,2085
DA:73,2085
FN:85,GlacisClientSample.setRemoteValue__retry
FNDA:7,GlacisClientSample.setRemoteValue__retry
DA:94,7
DA:94,7
DA:95,7
DA:95,7
FN:110,GlacisClientSample._receiveMessage
FNDA:5224,GlacisClientSample._receiveMessage
DA:117,5224
DA:117,5224
BRDA:117,0,0,5224
BRDA:117,0,1,5224
DA:117,5224
FN:124,GlacisClientSample.setQuorum
FNDA:2865,GlacisClientSample.setQuorum
DA:125,2865
DA:125,2865
FN:128,GlacisClientSample.getQuorum
FNDA:8881,GlacisClientSample.getQuorum
DA:132,8881
DA:132,8881
FNF:9
FNH:8
LF:12
LH:12
BRF:2
BRH:2
end_of_record
TN:
SF:test/contracts/samples/GlacisClientTextSample.sol
FN:9,GlacisClientTextSample.
FNDA:0,GlacisClientTextSample.
FN:14,GlacisClientTextSample.setRemoteValue__execute
FNDA:1040,GlacisClientTextSample.setRemoteValue__execute
DA:20,1040
DA:20,1040
DA:20,1040
FN:23,GlacisClientTextSample.setRemoteValue__redundancy
FNDA:0,GlacisClientTextSample.setRemoteValue__redundancy
DA:30,0
DA:30,0
DA:31,0
DA:31,0
FN:42,GlacisClientTextSample.setRemoteValue__retriable
FNDA:0,GlacisClientTextSample.setRemoteValue__retriable
DA:49,0
DA:49,0
DA:50,0
DA:50,0
FN:62,GlacisClientTextSample.setRemoteValue
FNDA:0,GlacisClientTextSample.setRemoteValue
DA:72,0
DA:72,0
DA:73,0
DA:73,0
FN:85,GlacisClientTextSample.setRemoteValue__retry
FNDA:0,GlacisClientTextSample.setRemoteValue__retry
DA:94,0
DA:94,0
DA:95,0
DA:95,0
FN:108,GlacisClientTextSample._receiveMessage
FNDA:1040,GlacisClientTextSample._receiveMessage
DA:114,1040
DA:114,1040
FN:121,GlacisClientTextSample.setQuorum
FNDA:0,GlacisClientTextSample.setQuorum
DA:122,0
DA:122,0
FN:125,GlacisClientTextSample.getQuorum
FNDA:1040,GlacisClientTextSample.getQuorum
DA:129,1040
DA:129,1040
FNF:9
FNH:3
LF:12
LH:3
BRF:0
BRH:0
end_of_record
TN:
SF:test/contracts/samples/GlacisDAOSample.sol
FN:45,GlacisDAOSample.onlyMembers
FNDA:0,GlacisDAOSample.onlyMembers
DA:46,0
DA:46,0
BRDA:46,0,0,-
BRDA:46,0,1,-
DA:46,0
FN:50,GlacisDAOSample.onlySelf
FNDA:0,GlacisDAOSample.onlySelf
DA:51,0
DA:51,0
DA:51,0
BRDA:51,1,0,-
BRDA:51,1,1,-
DA:52,0
DA:52,0
FN:57,GlacisDAOSample.
FNDA:0,GlacisDAOSample.
DA:64,0
DA:64,0
DA:64,0
DA:64,0
DA:65,0
DA:65,0
DA:67,0
DA:67,0
DA:70,0
DA:70,0
DA:71,0
DA:71,0
DA:72,0
DA:72,0
FN:80,GlacisDAOSample.propose
FNDA:0,GlacisDAOSample.propose
DA:81,0
DA:81,0
DA:83,0
DA:83,0
DA:83,0
DA:83,0
DA:84,0
DA:84,0
DA:87,0
DA:87,0
FN:93,GlacisDAOSample.approve
FNDA:0,GlacisDAOSample.approve
DA:98,0
DA:98,0
DA:99,0
DA:99,0
DA:102,0
DA:102,0
DA:102,0
DA:102,0
DA:104,0
DA:104,0
DA:105,0
DA:105,0
BRDA:103,2,0,-
BRDA:103,2,1,-
DA:106,0
DA:106,0
DA:111,0
DA:111,0
BRDA:111,3,0,-
BRDA:111,3,1,-
DA:112,0
DA:112,0
DA:113,0
DA:113,0
DA:115,0
DA:115,0
BRDA:115,4,0,-
BRDA:115,4,1,-
DA:116,0
DA:116,0
DA:119,0
DA:119,0
BRDA:119,5,0,-
BRDA:119,5,1,-
DA:120,0
DA:120,0
DA:125,0
DA:125,0
DA:126,0
DA:126,0
DA:126,0
DA:126,0
DA:127,0
DA:127,0
DA:128,0
DA:128,0
DA:129,0
DA:129,0
DA:131,0
DA:131,0
DA:131,0
DA:131,0
DA:132,0
DA:132,0
DA:134,0
DA:134,0
BRDA:134,6,0,-
BRDA:134,6,1,-
DA:135,0
DA:135,0
DA:138,0
DA:138,0
DA:138,0
DA:139,0
DA:139,0
DA:140,0
DA:140,0
DA:146,0
DA:146,0
DA:149,0
DA:149,0
DA:149,0
DA:150,0
DA:150,0
BRDA:150,7,0,-
BRDA:150,7,1,-
DA:150,0
FN:153,GlacisDAOSample._executeProposal
FNDA:0,GlacisDAOSample._executeProposal
DA:158,0
DA:158,0
DA:158,0
BRDA:158,8,0,-
BRDA:158,8,1,-
DA:159,0
DA:159,0
DA:170,0
DA:170,0
FN:186,GlacisDAOSample.approve
FNDA:0,GlacisDAOSample.approve
DA:190,0
DA:190,0
FN:197,GlacisDAOSample.retry
FNDA:0,GlacisDAOSample.retry
DA:203,0
DA:203,0
DA:204,0
DA:204,0
DA:204,0
BRDA:204,9,0,-
BRDA:204,9,1,-
DA:205,0
DA:205,0
DA:217,0
DA:217,0
FN:238,GlacisDAOSample._receiveMessage
FNDA:0,GlacisDAOSample._receiveMessage
DA:244,0
DA:244,0
DA:244,0
DA:244,0
BRDA:244,10,0,-
BRDA:244,10,1,-
DA:245,0
DA:245,0
DA:247,0
DA:247,0
DA:247,0
DA:249,0
DA:249,0
DA:249,0
DA:252,0
DA:252,0
BRDA:252,11,0,-
BRDA:252,11,1,-
DA:252,0
FN:256,GlacisDAOSample._receiveMessageWithTokens
FNDA:0,GlacisDAOSample._receiveMessageWithTokens
DA:264,0
DA:264,0
DA:264,0
DA:264,0
BRDA:264,12,0,-
BRDA:264,12,1,-
DA:265,0
DA:265,0
DA:267,0
DA:267,0
DA:267,0
DA:269,0
DA:269,0
DA:269,0
DA:272,0
DA:272,0
BRDA:272,13,0,-
BRDA:272,13,1,-
DA:272,0
FN:276,GlacisDAOSample.selfConfig
FNDA:0,GlacisDAOSample.selfConfig
DA:277,0
DA:277,0
DA:278,0
DA:278,0
FN:282,GlacisDAOSample.selfQuorum
FNDA:0,GlacisDAOSample.selfQuorum
DA:283,0
DA:283,0
FN:287,GlacisDAOSample.selfExecuteProposal
FNDA:0,GlacisDAOSample.selfExecuteProposal
DA:291,0
DA:291,0
DA:292,0
DA:292,0
DA:292,0
DA:293,0
DA:293,0
DA:293,0
DA:294,0
DA:294,0
DA:296,0
DA:296,0
FN:304,GlacisDAOSample.setQuorum
FNDA:0,GlacisDAOSample.setQuorum
DA:305,0
DA:305,0
FN:314,GlacisDAOSample.getQuorum
FNDA:0,GlacisDAOSample.getQuorum
DA:318,0
DA:318,0
FN:321,GlacisDAOSample.getDAOData
FNDA:0,GlacisDAOSample.getDAOData
DA:334,0
DA:334,0
DA:335,0
DA:335,0
DA:336,0
DA:336,0
DA:337,0
DA:337,0
DA:338,0
DA:338,0
DA:339,0
DA:339,0
DA:340,0
DA:340,0
FN:343,GlacisDAOSample.getProposalData
FNDA:0,GlacisDAOSample.getProposalData
DA:346,0
DA:346,0
DA:347,0
DA:347,0
DA:350,0
DA:350,0
DA:350,0
DA:350,0
DA:351,0
BRDA:351,14,0,-
BRDA:351,14,1,-
DA:351,0
DA:355,0
DA:355,0
FNF:17
FNH:0
LF:81
LH:0
BRF:30
BRH:0
end_of_record
TN:
SF:test/contracts/samples/GlacisTokenClientSampleDestination.sol
FN:13,GlacisTokenClientSampleDestination.
FNDA:7,GlacisTokenClientSampleDestination.
DA:21,4
DA:21,4
DA:22,4
DA:22,4
FN:27,GlacisTokenClientSampleDestination._receiveMessageWithTokens
FNDA:2067,GlacisTokenClientSampleDestination._receiveMessageWithTokens
DA:35,2067
DA:35,2067
BRDA:35,0,0,1551
BRDA:35,0,1,2067
DA:35,1551
DA:36,2067
DA:36,2067
FN:43,GlacisTokenClientSampleDestination.setQuorum
FNDA:1292,GlacisTokenClientSampleDestination.setQuorum
DA:44,1292
DA:44,1292
FN:47,GlacisTokenClientSampleDestination.getQuorum
FNDA:0,GlacisTokenClientSampleDestination.getQuorum
DA:51,3873
DA:51,3873
FNF:4
FNH:3
LF:6
LH:6
BRF:2
BRH:2
end_of_record
TN:
SF:test/contracts/samples/GlacisTokenClientSampleSource.sol
FN:13,GlacisTokenClientSampleSource.
FNDA:271,GlacisTokenClientSampleSource.
DA:21,263
DA:21,263
DA:22,265
DA:22,265
FN:25,GlacisTokenClientSampleSource.sendMessageAndTokens__abstract
FNDA:1551,GlacisTokenClientSampleSource.sendMessageAndTokens__abstract
DA:33,1551
DA:33,1551
DA:34,1551
DA:34,1551
FN:46,GlacisTokenClientSampleSource.sendMessageAndTokens__redundant
FNDA:2,GlacisTokenClientSampleSource.sendMessageAndTokens__redundant
DA:55,2
DA:55,2
DA:56,2
DA:56,2
FN:69,GlacisTokenClientSampleSource.sendMessageAndTokens
FNDA:1806,GlacisTokenClientSampleSource.sendMessageAndTokens
DA:78,1806
DA:78,1806
DA:79,1806
DA:79,1806
FN:102,GlacisTokenClientSampleSource.createRetryWithTokenPackage
FNDA:258,GlacisTokenClientSampleSource.createRetryWithTokenPackage
DA:108,258
DA:108,258
FN:117,GlacisTokenClientSampleSource.getRetryWithTokenPackage
FNDA:258,GlacisTokenClientSampleSource.getRetryWithTokenPackage
DA:122,258
DA:122,258
FN:125,GlacisTokenClientSampleSource.retrySendWithTokens
FNDA:258,GlacisTokenClientSampleSource.retrySendWithTokens
DA:133,258
DA:133,258
DA:134,258
DA:134,258
FN:151,GlacisTokenClientSampleSource._receiveMessageWithTokens
FNDA:0,GlacisTokenClientSampleSource._receiveMessageWithTokens
DA:159,0
DA:159,0
BRDA:159,0,0,-
BRDA:159,0,1,-
DA:159,0
DA:160,0
DA:160,0
FNF:8
FNH:7
LF:14
LH:12
BRF:2
BRH:0
end_of_record
TN:
SF:test/contracts/samples/control/AxelarSample.sol
FN:21,AxelarSample.
FNDA:0,AxelarSample.
DA:25,0
DA:25,0
FN:29,AxelarSample.setRemoteValue
FNDA:260,AxelarSample.setRemoteValue
DA:34,260
DA:34,260
DA:34,260
DA:36,260
DA:36,260
DA:44,260
DA:44,260
FN:49,AxelarSample._execute
FNDA:260,AxelarSample._execute
DA:54,260
DA:54,260
BRDA:54,0,0,260
BRDA:54,0,1,260
DA:54,260
FNF:3
FNH:2
LF:5
LH:4
BRF:2
BRH:2
end_of_record
TN:
SF:test/contracts/samples/control/AxelarTextSample.sol
FN:18,AxelarTextSample.
FNDA:0,AxelarTextSample.
DA:22,0
DA:22,0
FN:26,AxelarTextSample.setRemoteValue
FNDA:260,AxelarTextSample.setRemoteValue
DA:31,260
DA:31,260
DA:31,260
DA:33,260
DA:33,260
DA:41,260
DA:41,260
FN:45,AxelarTextSample._execute
FNDA:260,AxelarTextSample._execute
DA:50,260
DA:50,260
FNF:3
FNH:2
LF:5
LH:4
BRF:0
BRH:0
end_of_record
TN:
SF:test/contracts/samples/control/CCIPSample.sol
FN:11,CCIPSample.
FNDA:0,CCIPSample.
FN:13,CCIPSample.setRemoteValue
FNDA:260,CCIPSample.setRemoteValue
DA:18,260
DA:18,260
DA:18,260
DA:28,260
DA:28,260
DA:28,260
DA:31,260
DA:31,260
DA:31,260
DA:34,260
DA:34,260
FN:37,CCIPSample._ccipReceive
FNDA:260,CCIPSample._ccipReceive
DA:40,260
DA:40,260
BRDA:40,0,0,260
BRDA:40,0,1,260
DA:41,260
DA:41,260
FNF:3
FNH:2
LF:6
LH:6
BRF:2
BRH:2
end_of_record
TN:
SF:test/contracts/samples/control/CCIPTextSample.sol
FN:11,CCIPTextSample.
FNDA:0,CCIPTextSample.
FN:13,CCIPTextSample.setRemoteValue
FNDA:260,CCIPTextSample.setRemoteValue
DA:18,260
DA:18,260
DA:18,260
DA:28,260
DA:28,260
DA:28,260
DA:31,260
DA:31,260
DA:31,260
DA:34,260
DA:34,260
FN:37,CCIPTextSample._ccipReceive
FNDA:260,CCIPTextSample._ccipReceive
DA:40,260
DA:40,260
FNF:3
FNH:2
LF:5
LH:5
BRF:0
BRH:0
end_of_record
TN:
SF:test/contracts/samples/control/HyperlaneSample.sol
FN:17,HyperlaneSample.
FNDA:0,HyperlaneSample.
DA:20,0
DA:20,0
DA:21,0
DA:21,0
FN:24,HyperlaneSample.setRemoteValue
FNDA:520,HyperlaneSample.setRemoteValue
DA:30,520
DA:30,520
FN:37,HyperlaneSample.handle
FNDA:520,HyperlaneSample.handle
DA:45,520
DA:45,520
BRDA:45,0,0,520
BRDA:45,0,1,520
DA:45,520
FNF:3
FNH:2
LF:4
LH:2
BRF:2
BRH:2
end_of_record
TN:
SF:test/contracts/samples/control/HyperlaneTextSample.sol
FN:16,HyperlaneTextSample.
FNDA:0,HyperlaneTextSample.
DA:19,0
DA:19,0
DA:20,0
DA:20,0
FN:23,HyperlaneTextSample.setRemoteValue
FNDA:0,HyperlaneTextSample.setRemoteValue
DA:29,0
DA:29,0
FN:36,HyperlaneTextSample.handle
FNDA:0,HyperlaneTextSample.handle
DA:44,0
DA:44,0
FNF:3
FNH:0
LF:4
LH:0
BRF:0
BRH:0
end_of_record
TN:
SF:test/contracts/samples/control/LayerZeroSample.sol
FN:9,LayerZeroSample.
FNDA:0,LayerZeroSample.
FN:11,LayerZeroSample.setRemoteValue
FNDA:260,LayerZeroSample.setRemoteValue
DA:16,260
DA:16,260
FN:27,LayerZeroSample._nonblockingLzReceive
FNDA:520,LayerZeroSample._nonblockingLzReceive
DA:33,520
DA:33,520
BRDA:33,0,0,520
BRDA:33,0,1,520
DA:33,520
FNF:3
FNH:2
LF:2
LH:2
BRF:2
BRH:2
end_of_record
TN:
SF:test/contracts/samples/control/LayerZeroTextSample.sol
FN:9,LayerZeroTextSample.
FNDA:0,LayerZeroTextSample.
FN:11,LayerZeroTextSample.setRemoteValue
FNDA:260,LayerZeroTextSample.setRemoteValue
DA:16,260
DA:16,260
FN:27,LayerZeroTextSample._nonblockingLzReceive
FNDA:0,LayerZeroTextSample._nonblockingLzReceive
DA:33,0
DA:33,0
FNF:3
FNH:1
LF:2
LH:1
BRF:0
BRH:0
end_of_record
TN:
SF:test/contracts/samples/control/WormholeSample.sol
FN:15,WormholeSample.
FNDA:0,WormholeSample.
DA:16,0
DA:16,0
DA:17,0
DA:17,0
FN:20,WormholeSample.setRemoteValue
FNDA:260,WormholeSample.setRemoteValue
DA:25,260
DA:25,260
DA:25,260
DA:30,260
DA:30,260
FN:41,WormholeSample.receiveWormholeMessages
FNDA:260,WormholeSample.receiveWormholeMessages
DA:48,260
DA:48,260
BRDA:48,0,0,260
BRDA:48,0,1,260
DA:48,260
FNF:3
FNH:2
LF:5
LH:3
BRF:2
BRH:2
end_of_record
TN:
SF:test/contracts/samples/control/WormholeTextSample.sol
FN:15,WormholeTextSample.
FNDA:0,WormholeTextSample.
DA:16,0
DA:16,0
DA:17,0
DA:17,0
FN:20,WormholeTextSample.setRemoteValue
FNDA:260,WormholeTextSample.setRemoteValue
DA:25,260
DA:25,260
DA:25,260
DA:30,260
DA:30,260
FN:41,WormholeTextSample.receiveWormholeMessages
FNDA:260,WormholeTextSample.receiveWormholeMessages
DA:48,260
DA:48,260
FNF:3
FNH:2
LF:5
LH:3
BRF:0
BRH:0
end_of_record
TN:
SF:test/contracts/samples/token/BasicXERC20Sample.sol
FN:6,BasicXERC20Sample.
FNDA:0,BasicXERC20Sample.
DA:7,0
DA:7,0
FNF:1
FNH:0
LF:1
LH:0
BRF:0
BRH:0
end_of_record
TN:
SF:test/contracts/samples/token/ERC20Sample.sol
FN:7,ERC20Sample.
FNDA:0,ERC20Sample.
DA:8,0
DA:8,0
DA:9,0
DA:9,0
FNF:1
FNH:0
LF:2
LH:0
BRF:0
BRH:0
end_of_record
TN:
SF:test/contracts/samples/token/XERC20LockboxSample.sol
FN:6,XERC20LockboxSample.
FNDA:0,XERC20LockboxSample.
FNF:1
FNH:0
LF:0
LH:0
BRF:0
BRH:0
end_of_record
TN:
SF:test/contracts/samples/token/XERC20NativeLockboxSample.sol
FN:6,XERC20NativeLockboxSample.
FNDA:0,XERC20NativeLockboxSample.
FNF:1
FNH:0
LF:0
LH:0
BRF:0
BRH:0
end_of_record
TN:
SF:test/contracts/samples/token/XERC20Sample.sol
FN:6,XERC20Sample.
FNDA:0,XERC20Sample.
DA:7,0
DA:7,0
FNF:1
FNH:0
LF:1
LH:0
BRF:0
BRH:0
end_of_record
TN:
SF:test/token/token.t.sol
FN:582,GlacisTokenClientSampleDestinationQuorumHarness.
FNDA:2,GlacisTokenClientSampleDestinationQuorumHarness.
FN:600,GlacisTokenClientSampleDestinationQuorumHarness.getQuorum
FNDA:4,GlacisTokenClientSampleDestinationQuorumHarness.getQuorum
DA:606,4
DA:606,4
BRDA:606,0,0,1
BRDA:606,0,1,3
DA:607,1
DA:607,1
DA:609,3
DA:609,3
FNF:2
FNH:2
LF:3
LH:3
BRF:2
BRH:2
end_of_record
